Éxito (1):
content 222524 _a-0000eeca-5da2-8000-9c18-011c48011c48_4667501 "CFT_cons2"

Celdas precedentes referenciadas que no se exportaron (1):
content 219352 857b35d5-0aa9-465a-8189-00dc0970a5af

Trace:
2025-11-10 20:37:13.444 DEBUG content 222524 _a-0000eeca-5da2-8000-9c18-011c48011c48_4667501 Begin transport.
2025-11-10 20:37:13.444 DEBUG content 222524 _a-0000eeca-5da2-8000-9c18-011c48011c48_4667501 Retrieving object data.
2025-11-10 20:37:13.454 DEBUG content 222524 _a-0000eeca-5da2-8000-9c18-011c48011c48_4667501 Setting uuids of object references.
2025-11-10 20:37:13.455 DEBUG content 222524 _a-0000eeca-5da2-8000-9c18-011c48011c48_4667501 Processing reference: [Content:id=222524,versionId=-1,name=CFT_cons2,type=32,subtype=0,uuid=_a-0000eeca-5da2-8000-9c18-011c48011c48_4667501,parent=219352]
2025-11-10 20:37:13.455 DEBUG content 222524 _a-0000eeca-5da2-8000-9c18-011c48011c48_4667501 Processing reference: Constant.forum
2025-11-10 20:37:13.455 DEBUG content 222524 _a-0000eeca-5da2-8000-9c18-011c48011c48_4667501 Processing reference: Constant.parent
2025-11-10 20:37:13.459 DEBUG content 222524 _a-0000eeca-5da2-8000-9c18-011c48011c48_4667501 Processing reference: com.appiancorp.suiteapi.content.ContentRoleMap@7f2ec668[
  ContentRole[name=readers,inherit=true,allowForAll=false]
  ContentRole[name=authors,inherit=true,allowForAll=false]
  ContentRole[name=administrators,inherit=true,allowForAll=false]
  ContentRole[name=denyReaders,inherit=false,allowForAll=false]
  ContentRole[name=denyAuthors,inherit=false,allowForAll=false]
  ContentRole[name=denyAdministrators,inherit=false,allowForAll=false]
  securityVector=15:SEC_PUBLIC=true,SEC_CREATOR_ADMIN=false,SEC_INH_ADMIN=true,SEC_INH_EDITOR=true,SEC_INH_VIEWER=true,SEC_ALL_ADMIN=false,SEC_ALL_EDITOR=false,SEC_ALL_VIEWER=false
]
2025-11-10 20:37:13.459 DEBUG content 222524 _a-0000eeca-5da2-8000-9c18-011c48011c48_4667501 Processing reference: ContentRole[name=readers,inherit=true,allowForAll=false]
2025-11-10 20:37:13.459 DEBUG content 222524 _a-0000eeca-5da2-8000-9c18-011c48011c48_4667501 Processing reference: ContentRole[name=authors,inherit=true,allowForAll=false]
2025-11-10 20:37:13.459 DEBUG content 222524 _a-0000eeca-5da2-8000-9c18-011c48011c48_4667501 Processing reference: ContentRole[name=administrators,inherit=true,allowForAll=false]
2025-11-10 20:37:13.459 DEBUG content 222524 _a-0000eeca-5da2-8000-9c18-011c48011c48_4667501 Processing reference: ContentRole[name=denyReaders,inherit=false,allowForAll=false]
2025-11-10 20:37:13.459 DEBUG content 222524 _a-0000eeca-5da2-8000-9c18-011c48011c48_4667501 Processing reference: ContentRole[name=denyAuthors,inherit=false,allowForAll=false]
2025-11-10 20:37:13.459 DEBUG content 222524 _a-0000eeca-5da2-8000-9c18-011c48011c48_4667501 Processing reference: ContentRole[name=denyAdministrators,inherit=false,allowForAll=false]
2025-11-10 20:37:13.459 DEBUG content 222524 _a-0000eeca-5da2-8000-9c18-011c48011c48_4667501 Registering export properties.
2025-11-10 20:37:13.459 DEBUG content 222524 _a-0000eeca-5da2-8000-9c18-011c48011c48_4667501 Exporting binary resources.
2025-11-10 20:37:13.459 DEBUG content 222524 _a-0000eeca-5da2-8000-9c18-011c48011c48_4667501 Serializing object to XML.
2025-11-10 20:37:13.461 DEBUG content 222524 _a-0000eeca-5da2-8000-9c18-011c48011c48_4667501 Object transported.
