Éxito (1):
content 219468 _a-0000ee92-fba5-8000-9c16-011c48011c48_4615174 "CFT_constest2"

Celdas precedentes referenciadas que no se exportaron (1):
content 219352 857b35d5-0aa9-465a-8189-00dc0970a5af

Trace:
2025-11-04 18:25:55.271 DEBUG content 219468 _a-0000ee92-fba5-8000-9c16-011c48011c48_4615174 Begin transport.
2025-11-04 18:25:55.271 DEBUG content 219468 _a-0000ee92-fba5-8000-9c16-011c48011c48_4615174 Retrieving object data.
2025-11-04 18:25:55.279 DEBUG content 219468 _a-0000ee92-fba5-8000-9c16-011c48011c48_4615174 Setting uuids of object references.
2025-11-04 18:25:55.279 DEBUG content 219468 _a-0000ee92-fba5-8000-9c16-011c48011c48_4615174 Processing reference: [Content:id=219468,versionId=-1,name=CFT_constest2,type=32,subtype=0,uuid=_a-0000ee92-fba5-8000-9c16-011c48011c48_4615174,parent=219352]
2025-11-04 18:25:55.279 DEBUG content 219468 _a-0000ee92-fba5-8000-9c16-011c48011c48_4615174 Processing reference: Constant.forum
2025-11-04 18:25:55.279 DEBUG content 219468 _a-0000ee92-fba5-8000-9c16-011c48011c48_4615174 Processing reference: Constant.parent
2025-11-04 18:25:55.282 DEBUG content 219468 _a-0000ee92-fba5-8000-9c16-011c48011c48_4615174 Processing reference: com.appiancorp.suiteapi.content.ContentRoleMap@49a06c59[
  ContentRole[name=readers,inherit=true,allowForAll=false]
  ContentRole[name=authors,inherit=true,allowForAll=false]
  ContentRole[name=administrators,inherit=true,allowForAll=false]
  ContentRole[name=denyReaders,inherit=false,allowForAll=false]
  ContentRole[name=denyAuthors,inherit=false,allowForAll=false]
  ContentRole[name=denyAdministrators,inherit=false,allowForAll=false]
  securityVector=15:SEC_PUBLIC=true,SEC_CREATOR_ADMIN=false,SEC_INH_ADMIN=true,SEC_INH_EDITOR=true,SEC_INH_VIEWER=true,SEC_ALL_ADMIN=false,SEC_ALL_EDITOR=false,SEC_ALL_VIEWER=false
]
2025-11-04 18:25:55.282 DEBUG content 219468 _a-0000ee92-fba5-8000-9c16-011c48011c48_4615174 Processing reference: ContentRole[name=readers,inherit=true,allowForAll=false]
2025-11-04 18:25:55.282 DEBUG content 219468 _a-0000ee92-fba5-8000-9c16-011c48011c48_4615174 Processing reference: ContentRole[name=authors,inherit=true,allowForAll=false]
2025-11-04 18:25:55.282 DEBUG content 219468 _a-0000ee92-fba5-8000-9c16-011c48011c48_4615174 Processing reference: ContentRole[name=administrators,inherit=true,allowForAll=false]
2025-11-04 18:25:55.282 DEBUG content 219468 _a-0000ee92-fba5-8000-9c16-011c48011c48_4615174 Processing reference: ContentRole[name=denyReaders,inherit=false,allowForAll=false]
2025-11-04 18:25:55.282 DEBUG content 219468 _a-0000ee92-fba5-8000-9c16-011c48011c48_4615174 Processing reference: ContentRole[name=denyAuthors,inherit=false,allowForAll=false]
2025-11-04 18:25:55.282 DEBUG content 219468 _a-0000ee92-fba5-8000-9c16-011c48011c48_4615174 Processing reference: ContentRole[name=denyAdministrators,inherit=false,allowForAll=false]
2025-11-04 18:25:55.282 DEBUG content 219468 _a-0000ee92-fba5-8000-9c16-011c48011c48_4615174 Registering export properties.
2025-11-04 18:25:55.282 DEBUG content 219468 _a-0000ee92-fba5-8000-9c16-011c48011c48_4615174 Exporting binary resources.
2025-11-04 18:25:55.282 DEBUG content 219468 _a-0000ee92-fba5-8000-9c16-011c48011c48_4615174 Serializing object to XML.
2025-11-04 18:25:55.284 DEBUG content 219468 _a-0000ee92-fba5-8000-9c16-011c48011c48_4615174 Object transported.
