Éxito (1):
connectedSystem 219488 _a-0000ee92-fba5-8000-9c16-011c48011c48_4615343 "CFT-test"

Celdas precedentes referenciadas que no se exportaron (2):
group 337 ac7cab66-9a8d-44e7-af98-f894d4c668e6
group 336 ea0d2722-055d-4a53-8cf3-181257eeb826

Trace:
2025-11-04 19:03:56.022 DEBUG connectedSystem 219488 _a-0000ee92-fba5-8000-9c16-011c48011c48_4615343 Begin transport.
2025-11-04 19:03:56.022 DEBUG connectedSystem 219488 _a-0000ee92-fba5-8000-9c16-011c48011c48_4615343 Retrieving object data.
2025-11-04 19:03:56.039 DEBUG connectedSystem 219488 _a-0000ee92-fba5-8000-9c16-011c48011c48_4615343 Setting uuids of object references.
2025-11-04 19:03:56.039 DEBUG connectedSystem 219488 _a-0000ee92-fba5-8000-9c16-011c48011c48_4615343 Processing reference: ConnectedSystem.forum
2025-11-04 19:03:56.039 DEBUG connectedSystem 219488 _a-0000ee92-fba5-8000-9c16-011c48011c48_4615343 Processing reference: ConnectedSystem.integrationType
2025-11-04 19:03:56.039 DEBUG connectedSystem 219488 _a-0000ee92-fba5-8000-9c16-011c48011c48_4615343 Processing reference: ConnectedSystem.logoId
2025-11-04 19:03:56.041 DEBUG connectedSystem 219488 _a-0000ee92-fba5-8000-9c16-011c48011c48_4615343 Processing reference: ConnectedSystem.sharedConfigParameters
2025-11-04 19:03:56.042 DEBUG connectedSystem 219488 _a-0000ee92-fba5-8000-9c16-011c48011c48_4615343 Processing reference: com.appiancorp.suiteapi.content.ContentRoleMap@20c1bbe[
  ContentRole[name=readers,groupIds=[337],inherit=false,allowForAll=false]
  ContentRole[name=authors,inherit=false,allowForAll=false]
  ContentRole[name=administrators,groupIds=[336],inherit=false,allowForAll=false]
  ContentRole[name=denyReaders,inherit=false,allowForAll=false]
  ContentRole[name=denyAuthors,inherit=false,allowForAll=false]
  ContentRole[name=denyAdministrators,inherit=false,allowForAll=false]
  securityVector=1:SEC_PUBLIC=true,SEC_CREATOR_ADMIN=false,SEC_INH_ADMIN=false,SEC_INH_EDITOR=false,SEC_INH_VIEWER=false,SEC_ALL_ADMIN=false,SEC_ALL_EDITOR=false,SEC_ALL_VIEWER=false
]
2025-11-04 19:03:56.042 DEBUG connectedSystem 219488 _a-0000ee92-fba5-8000-9c16-011c48011c48_4615343 Processing reference: ContentRole[name=readers,groupIds=[337],inherit=false,allowForAll=false]
2025-11-04 19:03:56.052 DEBUG connectedSystem 219488 _a-0000ee92-fba5-8000-9c16-011c48011c48_4615343 Processing reference: ContentRole[name=authors,inherit=false,allowForAll=false]
2025-11-04 19:03:56.052 DEBUG connectedSystem 219488 _a-0000ee92-fba5-8000-9c16-011c48011c48_4615343 Processing reference: ContentRole[name=administrators,groupIds=[336],inherit=false,allowForAll=false]
2025-11-04 19:03:56.062 DEBUG connectedSystem 219488 _a-0000ee92-fba5-8000-9c16-011c48011c48_4615343 Processing reference: ContentRole[name=denyReaders,inherit=false,allowForAll=false]
2025-11-04 19:03:56.062 DEBUG connectedSystem 219488 _a-0000ee92-fba5-8000-9c16-011c48011c48_4615343 Processing reference: ContentRole[name=denyAuthors,inherit=false,allowForAll=false]
2025-11-04 19:03:56.062 DEBUG connectedSystem 219488 _a-0000ee92-fba5-8000-9c16-011c48011c48_4615343 Processing reference: ContentRole[name=denyAdministrators,inherit=false,allowForAll=false]
2025-11-04 19:03:56.062 DEBUG connectedSystem 219488 _a-0000ee92-fba5-8000-9c16-011c48011c48_4615343 Registering export properties.
2025-11-04 19:03:56.063 DEBUG connectedSystem 219488 _a-0000ee92-fba5-8000-9c16-011c48011c48_4615343 Exporting binary resources.
2025-11-04 19:03:56.063 DEBUG connectedSystem 219488 _a-0000ee92-fba5-8000-9c16-011c48011c48_4615343 Serializing object to XML.
2025-11-04 19:03:56.065 DEBUG connectedSystem 219488 _a-0000ee92-fba5-8000-9c16-011c48011c48_4615343 Object transported.
