Éxito (3):
content 220515 _a-0000ee92-fba5-8000-9c16-011c48011c48_4628073 "CFT_cons3"
content 220517 _a-0000ee92-fba5-8000-9c16-011c48011c48_4615174 "CFT_constest2"
connectedSystem 220516 _a-0000ee92-fba5-8000-9c16-011c48011c48_4628079 "CFT conected test"

Celdas precedentes referenciadas que no se exportaron (3):
group 337 ac7cab66-9a8d-44e7-af98-f894d4c668e6
group 336 ea0d2722-055d-4a53-8cf3-181257eeb826
content 219352 857b35d5-0aa9-465a-8189-00dc0970a5af

Trace:
2025-11-06 14:26:31.321 DEBUG content 220515 _a-0000ee92-fba5-8000-9c16-011c48011c48_4628073 Begin transport.
2025-11-06 14:26:31.321 DEBUG content 220515 _a-0000ee92-fba5-8000-9c16-011c48011c48_4628073 Retrieving object data.
2025-11-06 14:26:31.34 DEBUG content 220515 _a-0000ee92-fba5-8000-9c16-011c48011c48_4628073 Setting uuids of object references.
2025-11-06 14:26:31.34 DEBUG content 220515 _a-0000ee92-fba5-8000-9c16-011c48011c48_4628073 Processing reference: [Content:id=220515,versionId=-1,name=CFT_cons3,type=32,subtype=0,uuid=_a-0000ee92-fba5-8000-9c16-011c48011c48_4628073,parent=219352]
2025-11-06 14:26:31.34 DEBUG content 220515 _a-0000ee92-fba5-8000-9c16-011c48011c48_4628073 Processing reference: Constant.forum
2025-11-06 14:26:31.34 DEBUG content 220515 _a-0000ee92-fba5-8000-9c16-011c48011c48_4628073 Processing reference: Constant.parent
2025-11-06 14:26:31.343 DEBUG content 220515 _a-0000ee92-fba5-8000-9c16-011c48011c48_4628073 Processing reference: com.appiancorp.suiteapi.content.ContentRoleMap@4cc2d26c[
  ContentRole[name=readers,inherit=true,allowForAll=false]
  ContentRole[name=authors,inherit=true,allowForAll=false]
  ContentRole[name=administrators,inherit=true,allowForAll=false]
  ContentRole[name=denyReaders,inherit=false,allowForAll=false]
  ContentRole[name=denyAuthors,inherit=false,allowForAll=false]
  ContentRole[name=denyAdministrators,inherit=false,allowForAll=false]
  securityVector=15:SEC_PUBLIC=true,SEC_CREATOR_ADMIN=false,SEC_INH_ADMIN=true,SEC_INH_EDITOR=true,SEC_INH_VIEWER=true,SEC_ALL_ADMIN=false,SEC_ALL_EDITOR=false,SEC_ALL_VIEWER=false
]
2025-11-06 14:26:31.343 DEBUG content 220515 _a-0000ee92-fba5-8000-9c16-011c48011c48_4628073 Processing reference: ContentRole[name=readers,inherit=true,allowForAll=false]
2025-11-06 14:26:31.343 DEBUG content 220515 _a-0000ee92-fba5-8000-9c16-011c48011c48_4628073 Processing reference: ContentRole[name=authors,inherit=true,allowForAll=false]
2025-11-06 14:26:31.343 DEBUG content 220515 _a-0000ee92-fba5-8000-9c16-011c48011c48_4628073 Processing reference: ContentRole[name=administrators,inherit=true,allowForAll=false]
2025-11-06 14:26:31.343 DEBUG content 220515 _a-0000ee92-fba5-8000-9c16-011c48011c48_4628073 Processing reference: ContentRole[name=denyReaders,inherit=false,allowForAll=false]
2025-11-06 14:26:31.343 DEBUG content 220515 _a-0000ee92-fba5-8000-9c16-011c48011c48_4628073 Processing reference: ContentRole[name=denyAuthors,inherit=false,allowForAll=false]
2025-11-06 14:26:31.343 DEBUG content 220515 _a-0000ee92-fba5-8000-9c16-011c48011c48_4628073 Processing reference: ContentRole[name=denyAdministrators,inherit=false,allowForAll=false]
2025-11-06 14:26:31.344 DEBUG content 220515 _a-0000ee92-fba5-8000-9c16-011c48011c48_4628073 Registering export properties.
2025-11-06 14:26:31.345 DEBUG content 220515 _a-0000ee92-fba5-8000-9c16-011c48011c48_4628073 Exporting binary resources.
2025-11-06 14:26:31.345 DEBUG content 220515 _a-0000ee92-fba5-8000-9c16-011c48011c48_4628073 Serializing object to XML.
2025-11-06 14:26:31.355 DEBUG content 220515 _a-0000ee92-fba5-8000-9c16-011c48011c48_4628073 Object transported.
2025-11-06 14:26:31.355 DEBUG content 220517 _a-0000ee92-fba5-8000-9c16-011c48011c48_4615174 Begin transport.
2025-11-06 14:26:31.355 DEBUG content 220517 _a-0000ee92-fba5-8000-9c16-011c48011c48_4615174 Retrieving object data.
2025-11-06 14:26:31.363 DEBUG content 220517 _a-0000ee92-fba5-8000-9c16-011c48011c48_4615174 Setting uuids of object references.
2025-11-06 14:26:31.363 DEBUG content 220517 _a-0000ee92-fba5-8000-9c16-011c48011c48_4615174 Processing reference: [Content:id=219468,versionId=-1,name=CFT_constest2,type=32,subtype=0,uuid=_a-0000ee92-fba5-8000-9c16-011c48011c48_4615174,parent=219352]
2025-11-06 14:26:31.363 DEBUG content 220517 _a-0000ee92-fba5-8000-9c16-011c48011c48_4615174 Processing reference: Constant.forum
2025-11-06 14:26:31.364 DEBUG content 220517 _a-0000ee92-fba5-8000-9c16-011c48011c48_4615174 Processing reference: Constant.parent
2025-11-06 14:26:31.366 DEBUG content 220517 _a-0000ee92-fba5-8000-9c16-011c48011c48_4615174 Processing reference: com.appiancorp.suiteapi.content.ContentRoleMap@21284c6c[
  ContentRole[name=readers,inherit=true,allowForAll=false]
  ContentRole[name=authors,inherit=true,allowForAll=false]
  ContentRole[name=administrators,inherit=true,allowForAll=false]
  ContentRole[name=denyReaders,inherit=false,allowForAll=false]
  ContentRole[name=denyAuthors,inherit=false,allowForAll=false]
  ContentRole[name=denyAdministrators,inherit=false,allowForAll=false]
  securityVector=15:SEC_PUBLIC=true,SEC_CREATOR_ADMIN=false,SEC_INH_ADMIN=true,SEC_INH_EDITOR=true,SEC_INH_VIEWER=true,SEC_ALL_ADMIN=false,SEC_ALL_EDITOR=false,SEC_ALL_VIEWER=false
]
2025-11-06 14:26:31.366 DEBUG content 220517 _a-0000ee92-fba5-8000-9c16-011c48011c48_4615174 Processing reference: ContentRole[name=readers,inherit=true,allowForAll=false]
2025-11-06 14:26:31.366 DEBUG content 220517 _a-0000ee92-fba5-8000-9c16-011c48011c48_4615174 Processing reference: ContentRole[name=authors,inherit=true,allowForAll=false]
2025-11-06 14:26:31.366 DEBUG content 220517 _a-0000ee92-fba5-8000-9c16-011c48011c48_4615174 Processing reference: ContentRole[name=administrators,inherit=true,allowForAll=false]
2025-11-06 14:26:31.366 DEBUG content 220517 _a-0000ee92-fba5-8000-9c16-011c48011c48_4615174 Processing reference: ContentRole[name=denyReaders,inherit=false,allowForAll=false]
2025-11-06 14:26:31.366 DEBUG content 220517 _a-0000ee92-fba5-8000-9c16-011c48011c48_4615174 Processing reference: ContentRole[name=denyAuthors,inherit=false,allowForAll=false]
2025-11-06 14:26:31.366 DEBUG content 220517 _a-0000ee92-fba5-8000-9c16-011c48011c48_4615174 Processing reference: ContentRole[name=denyAdministrators,inherit=false,allowForAll=false]
2025-11-06 14:26:31.366 DEBUG content 220517 _a-0000ee92-fba5-8000-9c16-011c48011c48_4615174 Registering export properties.
2025-11-06 14:26:31.366 DEBUG content 220517 _a-0000ee92-fba5-8000-9c16-011c48011c48_4615174 Exporting binary resources.
2025-11-06 14:26:31.366 DEBUG content 220517 _a-0000ee92-fba5-8000-9c16-011c48011c48_4615174 Serializing object to XML.
2025-11-06 14:26:31.368 DEBUG content 220517 _a-0000ee92-fba5-8000-9c16-011c48011c48_4615174 Object transported.
2025-11-06 14:26:31.369 DEBUG connectedSystem 220516 _a-0000ee92-fba5-8000-9c16-011c48011c48_4628079 Begin transport.
2025-11-06 14:26:31.369 DEBUG connectedSystem 220516 _a-0000ee92-fba5-8000-9c16-011c48011c48_4628079 Retrieving object data.
2025-11-06 14:26:31.376 DEBUG connectedSystem 220516 _a-0000ee92-fba5-8000-9c16-011c48011c48_4628079 Setting uuids of object references.
2025-11-06 14:26:31.376 DEBUG connectedSystem 220516 _a-0000ee92-fba5-8000-9c16-011c48011c48_4628079 Processing reference: ConnectedSystem.forum
2025-11-06 14:26:31.376 DEBUG connectedSystem 220516 _a-0000ee92-fba5-8000-9c16-011c48011c48_4628079 Processing reference: ConnectedSystem.integrationType
2025-11-06 14:26:31.376 DEBUG connectedSystem 220516 _a-0000ee92-fba5-8000-9c16-011c48011c48_4628079 Processing reference: ConnectedSystem.logoId
2025-11-06 14:26:31.376 DEBUG connectedSystem 220516 _a-0000ee92-fba5-8000-9c16-011c48011c48_4628079 Processing reference: ConnectedSystem.sharedConfigParameters
2025-11-06 14:26:31.376 DEBUG connectedSystem 220516 _a-0000ee92-fba5-8000-9c16-011c48011c48_4628079 Processing reference: com.appiancorp.suiteapi.content.ContentRoleMap@5c9f4d99[
  ContentRole[name=readers,groupIds=[337],inherit=false,allowForAll=false]
  ContentRole[name=authors,inherit=false,allowForAll=false]
  ContentRole[name=administrators,groupIds=[336],inherit=false,allowForAll=false]
  ContentRole[name=denyReaders,inherit=false,allowForAll=false]
  ContentRole[name=denyAuthors,inherit=false,allowForAll=false]
  ContentRole[name=denyAdministrators,inherit=false,allowForAll=false]
  securityVector=1:SEC_PUBLIC=true,SEC_CREATOR_ADMIN=false,SEC_INH_ADMIN=false,SEC_INH_EDITOR=false,SEC_INH_VIEWER=false,SEC_ALL_ADMIN=false,SEC_ALL_EDITOR=false,SEC_ALL_VIEWER=false
]
2025-11-06 14:26:31.376 DEBUG connectedSystem 220516 _a-0000ee92-fba5-8000-9c16-011c48011c48_4628079 Processing reference: ContentRole[name=readers,groupIds=[337],inherit=false,allowForAll=false]
2025-11-06 14:26:31.378 DEBUG connectedSystem 220516 _a-0000ee92-fba5-8000-9c16-011c48011c48_4628079 Processing reference: ContentRole[name=authors,inherit=false,allowForAll=false]
2025-11-06 14:26:31.378 DEBUG connectedSystem 220516 _a-0000ee92-fba5-8000-9c16-011c48011c48_4628079 Processing reference: ContentRole[name=administrators,groupIds=[336],inherit=false,allowForAll=false]
2025-11-06 14:26:31.379 DEBUG connectedSystem 220516 _a-0000ee92-fba5-8000-9c16-011c48011c48_4628079 Processing reference: ContentRole[name=denyReaders,inherit=false,allowForAll=false]
2025-11-06 14:26:31.379 DEBUG connectedSystem 220516 _a-0000ee92-fba5-8000-9c16-011c48011c48_4628079 Processing reference: ContentRole[name=denyAuthors,inherit=false,allowForAll=false]
2025-11-06 14:26:31.379 DEBUG connectedSystem 220516 _a-0000ee92-fba5-8000-9c16-011c48011c48_4628079 Processing reference: ContentRole[name=denyAdministrators,inherit=false,allowForAll=false]
2025-11-06 14:26:31.382 DEBUG connectedSystem 220516 _a-0000ee92-fba5-8000-9c16-011c48011c48_4628079 Registering export properties.
2025-11-06 14:26:31.383 DEBUG connectedSystem 220516 _a-0000ee92-fba5-8000-9c16-011c48011c48_4628079 Exporting binary resources.
2025-11-06 14:26:31.383 DEBUG connectedSystem 220516 _a-0000ee92-fba5-8000-9c16-011c48011c48_4628079 Serializing object to XML.
2025-11-06 14:26:31.385 DEBUG connectedSystem 220516 _a-0000ee92-fba5-8000-9c16-011c48011c48_4628079 Object transported.
