Éxito (2):
content 216802 _a-0000ee92-fba5-8000-9c16-011c48011c48_4590637 "CB_conos"
recordType 416 51a77589-a1ba-40e9-a476-a42b33e44bce "CB Producto"

Celdas precedentes referenciadas que no se exportaron (3):
group 330 33e562ab-777e-47f8-a585-33f8e145ebfe
group 331 eaa9c8a8-8f07-44ae-a2c0-596aa04c4d48
content 207317 05026428-f647-445b-bdbb-47ab8fd56011

Trace:
2025-10-29 18:42:15.47 DEBUG content 216802 _a-0000ee92-fba5-8000-9c16-011c48011c48_4590637 Begin transport.
2025-10-29 18:42:15.47 DEBUG content 216802 _a-0000ee92-fba5-8000-9c16-011c48011c48_4590637 Retrieving object data.
2025-10-29 18:42:15.481 DEBUG content 216802 _a-0000ee92-fba5-8000-9c16-011c48011c48_4590637 Setting uuids of object references.
2025-10-29 18:42:15.484 DEBUG content 216802 _a-0000ee92-fba5-8000-9c16-011c48011c48_4590637 Processing reference: [Content:id=216802,versionId=-1,name=CB_conos,type=32,subtype=0,uuid=_a-0000ee92-fba5-8000-9c16-011c48011c48_4590637,parent=207317]
2025-10-29 18:42:15.484 DEBUG content 216802 _a-0000ee92-fba5-8000-9c16-011c48011c48_4590637 Processing reference: Constant.forum
2025-10-29 18:42:15.488 DEBUG content 216802 _a-0000ee92-fba5-8000-9c16-011c48011c48_4590637 Processing reference: Constant.parent
2025-10-29 18:42:15.496 DEBUG content 216802 _a-0000ee92-fba5-8000-9c16-011c48011c48_4590637 Processing reference: com.appiancorp.suiteapi.content.ContentRoleMap@4b8c1757[
  ContentRole[name=readers,inherit=true,allowForAll=false]
  ContentRole[name=authors,inherit=true,allowForAll=false]
  ContentRole[name=administrators,inherit=true,allowForAll=false]
  ContentRole[name=denyReaders,inherit=false,allowForAll=false]
  ContentRole[name=denyAuthors,inherit=false,allowForAll=false]
  ContentRole[name=denyAdministrators,inherit=false,allowForAll=false]
  securityVector=15:SEC_PUBLIC=true,SEC_CREATOR_ADMIN=false,SEC_INH_ADMIN=true,SEC_INH_EDITOR=true,SEC_INH_VIEWER=true,SEC_ALL_ADMIN=false,SEC_ALL_EDITOR=false,SEC_ALL_VIEWER=false
]
2025-10-29 18:42:15.496 DEBUG content 216802 _a-0000ee92-fba5-8000-9c16-011c48011c48_4590637 Processing reference: ContentRole[name=readers,inherit=true,allowForAll=false]
2025-10-29 18:42:15.497 DEBUG content 216802 _a-0000ee92-fba5-8000-9c16-011c48011c48_4590637 Processing reference: ContentRole[name=authors,inherit=true,allowForAll=false]
2025-10-29 18:42:15.497 DEBUG content 216802 _a-0000ee92-fba5-8000-9c16-011c48011c48_4590637 Processing reference: ContentRole[name=administrators,inherit=true,allowForAll=false]
2025-10-29 18:42:15.497 DEBUG content 216802 _a-0000ee92-fba5-8000-9c16-011c48011c48_4590637 Processing reference: ContentRole[name=denyReaders,inherit=false,allowForAll=false]
2025-10-29 18:42:15.497 DEBUG content 216802 _a-0000ee92-fba5-8000-9c16-011c48011c48_4590637 Processing reference: ContentRole[name=denyAuthors,inherit=false,allowForAll=false]
2025-10-29 18:42:15.497 DEBUG content 216802 _a-0000ee92-fba5-8000-9c16-011c48011c48_4590637 Processing reference: ContentRole[name=denyAdministrators,inherit=false,allowForAll=false]
2025-10-29 18:42:15.499 DEBUG content 216802 _a-0000ee92-fba5-8000-9c16-011c48011c48_4590637 Registering export properties.
2025-10-29 18:42:15.499 DEBUG content 216802 _a-0000ee92-fba5-8000-9c16-011c48011c48_4590637 Exporting binary resources.
2025-10-29 18:42:15.499 DEBUG content 216802 _a-0000ee92-fba5-8000-9c16-011c48011c48_4590637 Serializing object to XML.
2025-10-29 18:42:15.503 DEBUG content 216802 _a-0000ee92-fba5-8000-9c16-011c48011c48_4590637 Object transported.
2025-10-29 18:42:15.505 DEBUG recordType 416 51a77589-a1ba-40e9-a476-a42b33e44bce Begin transport.
2025-10-29 18:42:15.505 DEBUG recordType 416 51a77589-a1ba-40e9-a476-a42b33e44bce Retrieving object data.
2025-10-29 18:42:15.584 DEBUG recordType 416 51a77589-a1ba-40e9-a476-a42b33e44bce Setting uuids of object references.
2025-10-29 18:42:15.588 DEBUG recordType 416 51a77589-a1ba-40e9-a476-a42b33e44bce Processing reference: RecordTypeDefinition.dataSrcExpr
2025-10-29 18:42:15.59 DEBUG recordType 416 51a77589-a1ba-40e9-a476-a42b33e44bce Processing reference: RecordTypeDefinition.defaultFilters
2025-10-29 18:42:15.59 DEBUG recordType 416 51a77589-a1ba-40e9-a476-a42b33e44bce Processing reference: RecordTypeDefinition.defaultFiltersExpr
2025-10-29 18:42:15.591 DEBUG recordType 416 51a77589-a1ba-40e9-a476-a42b33e44bce Processing reference: RecordTypeDefinition.defaultSortInfoAsQueryInfos
2025-10-29 18:42:15.592 DEBUG recordType 416 51a77589-a1ba-40e9-a476-a42b33e44bce Processing reference: DetailViewCfg.headerExpr
2025-10-29 18:42:15.592 DEBUG recordType 416 51a77589-a1ba-40e9-a476-a42b33e44bce Processing reference: DetailViewCfg.nameExpr
2025-10-29 18:42:15.593 DEBUG recordType 416 51a77589-a1ba-40e9-a476-a42b33e44bce Processing reference: DetailViewCfg.uiExpr
2025-10-29 18:42:15.593 DEBUG recordType 416 51a77589-a1ba-40e9-a476-a42b33e44bce Processing reference: DetailViewCfg.visibilityExpr
2025-10-29 18:42:15.594 DEBUG recordType 416 51a77589-a1ba-40e9-a476-a42b33e44bce Processing reference: RecordTypeDefinition.facetsListExpr
2025-10-29 18:42:15.596 DEBUG recordType 416 51a77589-a1ba-40e9-a476-a42b33e44bce Processing reference: RecordTypeDefinition.listViewSrcExpr
2025-10-29 18:42:15.596 DEBUG recordType 416 51a77589-a1ba-40e9-a476-a42b33e44bce Processing reference: RecordTypeDefinition.listViewTemplateExpr
2025-10-29 18:42:15.615 DEBUG recordType 416 51a77589-a1ba-40e9-a476-a42b33e44bce Processing reference: com.appiancorp.record.entities.RecordSourceCfg@68db9d4a
2025-10-29 18:42:15.622 DEBUG recordType 416 51a77589-a1ba-40e9-a476-a42b33e44bce Processing reference: RecordSourceFieldCfg.customFieldExpr
2025-10-29 18:42:15.622 DEBUG recordType 416 51a77589-a1ba-40e9-a476-a42b33e44bce Processing reference: RecordSourceFieldCfg.recordFieldSecurityMembershipFilter
2025-10-29 18:42:15.623 DEBUG recordType 416 51a77589-a1ba-40e9-a476-a42b33e44bce Processing reference: RecordSourceFieldCfg.customFieldExpr
2025-10-29 18:42:15.624 DEBUG recordType 416 51a77589-a1ba-40e9-a476-a42b33e44bce Processing reference: RecordSourceFieldMetaDataCfg.metaDataExpression
2025-10-29 18:42:15.624 DEBUG recordType 416 51a77589-a1ba-40e9-a476-a42b33e44bce Processing reference: RecordSourceFieldMetaDataCfg.metaDataExpression
2025-10-29 18:42:15.624 DEBUG recordType 416 51a77589-a1ba-40e9-a476-a42b33e44bce Processing reference: RecordSourceFieldMetaDataCfg.metaDataExpression
2025-10-29 18:42:15.624 DEBUG recordType 416 51a77589-a1ba-40e9-a476-a42b33e44bce Processing reference: RecordSourceFieldMetaDataCfg.metaDataExpression
2025-10-29 18:42:15.624 DEBUG recordType 416 51a77589-a1ba-40e9-a476-a42b33e44bce Processing reference: RecordSourceFieldCfg.recordFieldSecurityMembershipFilter
2025-10-29 18:42:15.624 DEBUG recordType 416 51a77589-a1ba-40e9-a476-a42b33e44bce Processing reference: RecordSourceFieldCfg.customFieldExpr
2025-10-29 18:42:15.624 DEBUG recordType 416 51a77589-a1ba-40e9-a476-a42b33e44bce Processing reference: RecordSourceFieldCfg.recordFieldSecurityMembershipFilter
2025-10-29 18:42:15.624 DEBUG recordType 416 51a77589-a1ba-40e9-a476-a42b33e44bce Processing reference: RecordSourceFieldCfg.customFieldExpr
2025-10-29 18:42:15.624 DEBUG recordType 416 51a77589-a1ba-40e9-a476-a42b33e44bce Processing reference: RecordSourceFieldCfg.recordFieldSecurityMembershipFilter
2025-10-29 18:42:15.624 DEBUG recordType 416 51a77589-a1ba-40e9-a476-a42b33e44bce Processing reference: RecordSourceFieldCfg.customFieldExpr
2025-10-29 18:42:15.624 DEBUG recordType 416 51a77589-a1ba-40e9-a476-a42b33e44bce Processing reference: RecordSourceFieldCfg.recordFieldSecurityMembershipFilter
2025-10-29 18:42:15.624 DEBUG recordType 416 51a77589-a1ba-40e9-a476-a42b33e44bce Processing reference: RecordSourceFieldCfg.customFieldExpr
2025-10-29 18:42:15.624 DEBUG recordType 416 51a77589-a1ba-40e9-a476-a42b33e44bce Processing reference: RecordSourceFieldCfg.recordFieldSecurityMembershipFilter
2025-10-29 18:42:15.624 DEBUG recordType 416 51a77589-a1ba-40e9-a476-a42b33e44bce Processing reference: RecordSourceFieldCfg.customFieldExpr
2025-10-29 18:42:15.624 DEBUG recordType 416 51a77589-a1ba-40e9-a476-a42b33e44bce Processing reference: RecordSourceFieldCfg.recordFieldSecurityMembershipFilter
2025-10-29 18:42:15.624 DEBUG recordType 416 51a77589-a1ba-40e9-a476-a42b33e44bce Processing reference: RecordSourceCfg.sourceContextExpr
2025-10-29 18:42:15.624 DEBUG recordType 416 51a77589-a1ba-40e9-a476-a42b33e44bce Processing reference: RecordSourceCfg.sourceFilterExpr
2025-10-29 18:42:15.626 DEBUG recordType 416 51a77589-a1ba-40e9-a476-a42b33e44bce Processing reference: RecordTypeSearchCfg.placeholder
2025-10-29 18:42:15.626 DEBUG recordType 416 51a77589-a1ba-40e9-a476-a42b33e44bce Processing reference: RecordTypeSearchCfg.searchFieldQueryInfos
2025-10-29 18:42:15.627 DEBUG recordType 416 51a77589-a1ba-40e9-a476-a42b33e44bce Processing reference: RecordTypeDefinition.recordViewSrcExpr
2025-10-29 18:42:15.628 DEBUG recordType 416 51a77589-a1ba-40e9-a476-a42b33e44bce Processing reference: RecordTypeDefinition.source
2025-10-29 18:42:15.628 DEBUG recordType 416 51a77589-a1ba-40e9-a476-a42b33e44bce Processing reference: RecordTypeDefinition.titleExpr
2025-10-29 18:42:15.63 DEBUG recordType 416 51a77589-a1ba-40e9-a476-a42b33e44bce Processing reference: Role[name=record_type_administrator,groupIds=[330]]
2025-10-29 18:42:15.632 DEBUG recordType 416 51a77589-a1ba-40e9-a476-a42b33e44bce Processing reference: Role[name=record_type_viewer,groupIds=[331]]
2025-10-29 18:42:15.633 DEBUG recordType 416 51a77589-a1ba-40e9-a476-a42b33e44bce Exporting binary resources.
2025-10-29 18:42:15.633 DEBUG recordType 416 51a77589-a1ba-40e9-a476-a42b33e44bce Serializing object to XML.
2025-10-29 18:42:15.635 DEBUG recordType 416 51a77589-a1ba-40e9-a476-a42b33e44bce Object transported.
