Éxito (14):
group 330 33e562ab-777e-47f8-a585-33f8e145ebfe "CB Administradores"
group 331 eaa9c8a8-8f07-44ae-a2c0-596aa04c4d48 "CB Usuarios"
content 207317 05026428-f647-445b-bdbb-47ab8fd56011 "CB Reglas y constantes"
content 207318 82024408-941c-495a-bf0f-f2c1de61ed9b "CB Centro de conocimientos"
content 207319 f690b02c-6b42-4c79-863b-8c662a2ee2b4 "CB Documentación de aplicación"
content 207320 e309d5eb-db9e-4dc5-91e2-2a3af5b941de "CB Artefactos"
content 208464 _a-0000ee92-fba5-8000-9c16-011c48011c48_4441473 "CB_const_test"
content 210936 _a-0000ee92-fba5-8000-9c16-011c48011c48_4490793 "CB_cons3"
processModelFolder 71 b108a5a7-0992-4c86-83d1-3d9725c3e0fb "CB Modelos de procesos"
application 207321 9c354868-5dcd-4514-866d-19c6b14ecba7 "CICD-Flow B"
recordType 416 51a77589-a1ba-40e9-a476-a42b33e44bce "CB Producto"
recordType 417 ec56ef8e-621e-47d6-9de0-e78d1e8d25d6 "CB Cliente"
recordType 418 d7234f80-979e-4793-85b9-abecbb8a85a8 "CB Carro"
recordType 419 a241907b-a8d3-4e73-9560-f16259b1fac5 "CB Carro Item"

Trace:
2025-10-24 13:13:52.997 DEBUG application 207321 9c354868-5dcd-4514-866d-19c6b14ecba7 Begin transport.
2025-10-24 13:13:52.997 DEBUG application 207321 9c354868-5dcd-4514-866d-19c6b14ecba7 Retrieving object data.
2025-10-24 13:13:53.02 DEBUG application 207321 9c354868-5dcd-4514-866d-19c6b14ecba7 App associated objects: [group=[33e562ab-777e-47f8-a585-33f8e145ebfe, eaa9c8a8-8f07-44ae-a2c0-596aa04c4d48],content=[05026428-f647-445b-bdbb-47ab8fd56011, f690b02c-6b42-4c79-863b-8c662a2ee2b4, e309d5eb-db9e-4dc5-91e2-2a3af5b941de, 82024408-941c-495a-bf0f-f2c1de61ed9b, _a-0000ee92-fba5-8000-9c16-011c48011c48_4423423, _a-0000ee92-fba5-8000-9c16-011c48011c48_4436971, _a-0000ee92-fba5-8000-9c16-011c48011c48_4437432, _a-0000ee92-fba5-8000-9c16-011c48011c48_4439712, _a-0000ee92-fba5-8000-9c16-011c48011c48_4441052, _a-0000ee92-fba5-8000-9c16-011c48011c48_4441473, _a-0000ee92-fba5-8000-9c16-011c48011c48_4461165, _a-0000ee92-fba5-8000-9c16-011c48011c48_4461320, _a-0000ee92-fba5-8000-9c16-011c48011c48_4462250, _a-0000ee92-fba5-8000-9c16-011c48011c48_4489196, _a-0000ee92-fba5-8000-9c16-011c48011c48_4490475, _a-0000ee92-fba5-8000-9c16-011c48011c48_4490787, _a-0000ee92-fba5-8000-9c16-011c48011c48_4490793],processModelFolder=[b108a5a7-0992-4c86-83d1-3d9725c3e0fb],recordType=[3f2b7f04-cfd2-4cab-9374-7022869c366a, 85ded477-e55d-4556-9418-bb7218382da3, 51a77589-a1ba-40e9-a476-a42b33e44bce, ec56ef8e-621e-47d6-9de0-e78d1e8d25d6, d7234f80-979e-4793-85b9-abecbb8a85a8, a241907b-a8d3-4e73-9560-f16259b1fac5],connectedSystem=[_a-0000ee92-fba5-8000-9c16-011c48011c48_4423429, _a-0000ee92-fba5-8000-9c16-011c48011c48_4438147, _a-0000ee92-fba5-8000-9c16-011c48011c48_4438154, _a-0000ee92-fba5-8000-9c16-011c48011c48_4439799, _a-0000ee92-fba5-8000-9c16-011c48011c48_4441479, _a-0000ee92-fba5-8000-9c16-011c48011c48_4462292]]
2025-10-24 13:13:53.046 DEBUG application 207321 9c354868-5dcd-4514-866d-19c6b14ecba7 Invalid associated objects: [content=[_a-0000ee92-fba5-8000-9c16-011c48011c48_4423423, _a-0000ee92-fba5-8000-9c16-011c48011c48_4436971, _a-0000ee92-fba5-8000-9c16-011c48011c48_4437432, _a-0000ee92-fba5-8000-9c16-011c48011c48_4439712, _a-0000ee92-fba5-8000-9c16-011c48011c48_4441052, _a-0000ee92-fba5-8000-9c16-011c48011c48_4461165, _a-0000ee92-fba5-8000-9c16-011c48011c48_4461320, _a-0000ee92-fba5-8000-9c16-011c48011c48_4462250, _a-0000ee92-fba5-8000-9c16-011c48011c48_4489196, _a-0000ee92-fba5-8000-9c16-011c48011c48_4490475, _a-0000ee92-fba5-8000-9c16-011c48011c48_4490787],recordType=[3f2b7f04-cfd2-4cab-9374-7022869c366a, 85ded477-e55d-4556-9418-bb7218382da3],connectedSystem=[_a-0000ee92-fba5-8000-9c16-011c48011c48_4423429, _a-0000ee92-fba5-8000-9c16-011c48011c48_4438147, _a-0000ee92-fba5-8000-9c16-011c48011c48_4438154, _a-0000ee92-fba5-8000-9c16-011c48011c48_4439799, _a-0000ee92-fba5-8000-9c16-011c48011c48_4441479, _a-0000ee92-fba5-8000-9c16-011c48011c48_4462292]]
2025-10-24 13:13:53.046 DEBUG application 207321 9c354868-5dcd-4514-866d-19c6b14ecba7 Adding valid associated objects to be exported: GlobalBindingMap[group={33e562ab-777e-47f8-a585-33f8e145ebfe=330, eaa9c8a8-8f07-44ae-a2c0-596aa04c4d48=331},content={05026428-f647-445b-bdbb-47ab8fd56011=207317, f690b02c-6b42-4c79-863b-8c662a2ee2b4=207319, e309d5eb-db9e-4dc5-91e2-2a3af5b941de=207320, 82024408-941c-495a-bf0f-f2c1de61ed9b=207318, _a-0000ee92-fba5-8000-9c16-011c48011c48_4441473=208464, _a-0000ee92-fba5-8000-9c16-011c48011c48_4490793=210936},processModelFolder={b108a5a7-0992-4c86-83d1-3d9725c3e0fb=71},recordType={51a77589-a1ba-40e9-a476-a42b33e44bce=416, ec56ef8e-621e-47d6-9de0-e78d1e8d25d6=417, d7234f80-979e-4793-85b9-abecbb8a85a8=418, a241907b-a8d3-4e73-9560-f16259b1fac5=419}]
2025-10-24 13:13:53.046 DEBUG application 207321 9c354868-5dcd-4514-866d-19c6b14ecba7 Setting uuids of object references.
2025-10-24 13:13:53.046 DEBUG application 207321 9c354868-5dcd-4514-866d-19c6b14ecba7 Processing reference: Application.forum
2025-10-24 13:13:53.046 DEBUG application 207321 9c354868-5dcd-4514-866d-19c6b14ecba7 Processing reference: Application.parent
2025-10-24 13:13:53.049 DEBUG application 207321 9c354868-5dcd-4514-866d-19c6b14ecba7 Processing reference: com.appiancorp.suiteapi.content.ContentRoleMap@66b0e56e[
  ContentRole[name=readers,groupIds=[331],inherit=false,allowForAll=false]
  ContentRole[name=authors,inherit=false,allowForAll=false]
  ContentRole[name=administrators,groupIds=[330],inherit=false,allowForAll=false]
  ContentRole[name=denyReaders,inherit=false,allowForAll=false]
  ContentRole[name=denyAuthors,inherit=false,allowForAll=false]
  ContentRole[name=denyAdministrators,inherit=false,allowForAll=false]
  securityVector=1:SEC_PUBLIC=true,SEC_CREATOR_ADMIN=false,SEC_INH_ADMIN=false,SEC_INH_EDITOR=false,SEC_INH_VIEWER=false,SEC_ALL_ADMIN=false,SEC_ALL_EDITOR=false,SEC_ALL_VIEWER=false
]
2025-10-24 13:13:53.049 DEBUG application 207321 9c354868-5dcd-4514-866d-19c6b14ecba7 Processing reference: ContentRole[name=readers,groupIds=[331],inherit=false,allowForAll=false]
2025-10-24 13:13:53.05 DEBUG group 331 eaa9c8a8-8f07-44ae-a2c0-596aa04c4d48 Begin transport.
2025-10-24 13:13:53.05 DEBUG group 331 eaa9c8a8-8f07-44ae-a2c0-596aa04c4d48 Retrieving object data.
2025-10-24 13:13:53.07 DEBUG group 331 eaa9c8a8-8f07-44ae-a2c0-596aa04c4d48 Setting uuids of object references.
2025-10-24 13:13:53.07 DEBUG group 331 eaa9c8a8-8f07-44ae-a2c0-596aa04c4d48 Processing reference: Role[name=<null>,groupIds=[330]]
2025-10-24 13:13:53.072 DEBUG group 330 33e562ab-777e-47f8-a585-33f8e145ebfe Begin transport.
2025-10-24 13:13:53.072 DEBUG group 330 33e562ab-777e-47f8-a585-33f8e145ebfe Retrieving object data.
2025-10-24 13:13:53.079 DEBUG group 330 33e562ab-777e-47f8-a585-33f8e145ebfe Setting uuids of object references.
2025-10-24 13:13:53.079 DEBUG group 330 33e562ab-777e-47f8-a585-33f8e145ebfe Processing reference: Role[name=<null>,groupIds=[330]]
2025-10-24 13:13:53.08 DEBUG group 330 33e562ab-777e-47f8-a585-33f8e145ebfe Begin transport.
2025-10-24 13:13:53.081 DEBUG group 330 33e562ab-777e-47f8-a585-33f8e145ebfe Loop detected: [group:330]
2025-10-24 13:13:53.081 DEBUG group 330 Breaking loop [group:330]. group:330 will be transported with its reference to 330 nulled out and will require a second pass.
2025-10-24 13:13:53.083 DEBUG group 330 33e562ab-777e-47f8-a585-33f8e145ebfe Processing reference: Attribute[name=ADGroup,type=STRING,value=foobar]
2025-10-24 13:13:53.083 DEBUG group 330 33e562ab-777e-47f8-a585-33f8e145ebfe Processing reference: Attribute[name=ADGroup-QA,type=STRING,value=foobar]
2025-10-24 13:13:53.083 DEBUG group 330 33e562ab-777e-47f8-a585-33f8e145ebfe Processing reference: Attribute[name=ADGroup-DEV,type=STRING,value=foobar]
2025-10-24 13:13:53.083 DEBUG group 330 33e562ab-777e-47f8-a585-33f8e145ebfe Processing reference: Group.groupTypeId
2025-10-24 13:13:53.084 DEBUG group 330 33e562ab-777e-47f8-a585-33f8e145ebfe Processing reference: Group.parentId
2025-10-24 13:13:53.084 DEBUG group 330 33e562ab-777e-47f8-a585-33f8e145ebfe Processing reference: Group.homePageId
2025-10-24 13:13:53.084 DEBUG group 330 33e562ab-777e-47f8-a585-33f8e145ebfe Processing reference: Role[name=<null>]
2025-10-24 13:13:53.085 DEBUG group 330 33e562ab-777e-47f8-a585-33f8e145ebfe Object transported with these references nulled out: [group:330]
2025-10-24 13:13:53.085 DEBUG group 330 33e562ab-777e-47f8-a585-33f8e145ebfe Binding pending incomplete: group:330
2025-10-24 13:13:53.086 DEBUG group 330 33e562ab-777e-47f8-a585-33f8e145ebfe Begin transport.
2025-10-24 13:13:53.086 DEBUG group 330 33e562ab-777e-47f8-a585-33f8e145ebfe Retrieving object data.
2025-10-24 13:13:53.094 DEBUG group 330 33e562ab-777e-47f8-a585-33f8e145ebfe Setting uuids of object references.
2025-10-24 13:13:53.094 DEBUG group 330 33e562ab-777e-47f8-a585-33f8e145ebfe Processing reference: Role[name=<null>,groupIds=[330]]
2025-10-24 13:13:53.097 DEBUG group 330 33e562ab-777e-47f8-a585-33f8e145ebfe Processing reference: Attribute[name=ADGroup,type=STRING,value=foobar]
2025-10-24 13:13:53.097 DEBUG group 330 33e562ab-777e-47f8-a585-33f8e145ebfe Processing reference: Attribute[name=ADGroup-QA,type=STRING,value=foobar]
2025-10-24 13:13:53.097 DEBUG group 330 33e562ab-777e-47f8-a585-33f8e145ebfe Processing reference: Attribute[name=ADGroup-DEV,type=STRING,value=foobar]
2025-10-24 13:13:53.097 DEBUG group 330 33e562ab-777e-47f8-a585-33f8e145ebfe Processing reference: Group.groupTypeId
2025-10-24 13:13:53.098 DEBUG group 330 33e562ab-777e-47f8-a585-33f8e145ebfe Processing reference: Group.parentId
2025-10-24 13:13:53.098 DEBUG group 330 33e562ab-777e-47f8-a585-33f8e145ebfe Processing reference: Group.homePageId
2025-10-24 13:13:53.098 DEBUG group 330 33e562ab-777e-47f8-a585-33f8e145ebfe Processing reference: Role[name=<null>]
2025-10-24 13:13:53.098 DEBUG group 330 33e562ab-777e-47f8-a585-33f8e145ebfe Exporting binary resources.
2025-10-24 13:13:53.098 DEBUG group 330 33e562ab-777e-47f8-a585-33f8e145ebfe Serializing object to XML.
2025-10-24 13:13:53.1 DEBUG group 330 33e562ab-777e-47f8-a585-33f8e145ebfe Removed object from incomplete list.
2025-10-24 13:13:53.1 DEBUG group 330 33e562ab-777e-47f8-a585-33f8e145ebfe Object transported.
2025-10-24 13:13:53.1 DEBUG group 330 33e562ab-777e-47f8-a585-33f8e145ebfe Binding pending incomplete: group:330
2025-10-24 13:13:53.101 DEBUG group 331 eaa9c8a8-8f07-44ae-a2c0-596aa04c4d48 Processing reference: Attribute[name=ADGroup,type=STRING,value=foobar]
2025-10-24 13:13:53.101 DEBUG group 331 eaa9c8a8-8f07-44ae-a2c0-596aa04c4d48 Processing reference: Attribute[name=ADGroup-QA,type=STRING,value=foobar]
2025-10-24 13:13:53.101 DEBUG group 331 eaa9c8a8-8f07-44ae-a2c0-596aa04c4d48 Processing reference: Attribute[name=ADGroup-DEV,type=STRING,value=foobar]
2025-10-24 13:13:53.101 DEBUG group 331 eaa9c8a8-8f07-44ae-a2c0-596aa04c4d48 Processing reference: Group.groupTypeId
2025-10-24 13:13:53.102 DEBUG group 331 eaa9c8a8-8f07-44ae-a2c0-596aa04c4d48 Processing reference: Group.parentId
2025-10-24 13:13:53.102 DEBUG group 331 eaa9c8a8-8f07-44ae-a2c0-596aa04c4d48 Processing reference: Group.homePageId
2025-10-24 13:13:53.102 DEBUG group 331 eaa9c8a8-8f07-44ae-a2c0-596aa04c4d48 Processing reference: Role[name=<null>,groupIds=[330]]
2025-10-24 13:13:53.103 DEBUG group 331 eaa9c8a8-8f07-44ae-a2c0-596aa04c4d48 Exporting binary resources.
2025-10-24 13:13:53.103 DEBUG group 331 eaa9c8a8-8f07-44ae-a2c0-596aa04c4d48 Serializing object to XML.
2025-10-24 13:13:53.103 DEBUG group 331 eaa9c8a8-8f07-44ae-a2c0-596aa04c4d48 Object transported.
2025-10-24 13:13:53.103 DEBUG application 207321 9c354868-5dcd-4514-866d-19c6b14ecba7 Processing reference: ContentRole[name=authors,inherit=false,allowForAll=false]
2025-10-24 13:13:53.103 DEBUG application 207321 9c354868-5dcd-4514-866d-19c6b14ecba7 Processing reference: ContentRole[name=administrators,groupIds=[330],inherit=false,allowForAll=false]
2025-10-24 13:13:53.104 DEBUG application 207321 9c354868-5dcd-4514-866d-19c6b14ecba7 Processing reference: ContentRole[name=denyReaders,inherit=false,allowForAll=false]
2025-10-24 13:13:53.104 DEBUG application 207321 9c354868-5dcd-4514-866d-19c6b14ecba7 Processing reference: ContentRole[name=denyAuthors,inherit=false,allowForAll=false]
2025-10-24 13:13:53.104 DEBUG application 207321 9c354868-5dcd-4514-866d-19c6b14ecba7 Processing reference: ContentRole[name=denyAdministrators,inherit=false,allowForAll=false]
2025-10-24 13:13:53.128 DEBUG content 207317 05026428-f647-445b-bdbb-47ab8fd56011 Begin transport.
2025-10-24 13:13:53.128 DEBUG content 207317 05026428-f647-445b-bdbb-47ab8fd56011 Retrieving object data.
2025-10-24 13:13:53.137 DEBUG content 207317 05026428-f647-445b-bdbb-47ab8fd56011 Setting uuids of object references.
2025-10-24 13:13:53.137 DEBUG content 207317 05026428-f647-445b-bdbb-47ab8fd56011 Processing reference: RulesFolder.forum
2025-10-24 13:13:53.137 DEBUG content 207317 05026428-f647-445b-bdbb-47ab8fd56011 Processing reference: RulesFolder.parent
2025-10-24 13:13:53.141 DEBUG content 207317 05026428-f647-445b-bdbb-47ab8fd56011 Processing reference: com.appiancorp.suiteapi.content.ContentRoleMap@46e13cc8[
  ContentRole[name=readers,groupIds=[331],inherit=false,allowForAll=false]
  ContentRole[name=authors,inherit=false,allowForAll=false]
  ContentRole[name=administrators,groupIds=[330],inherit=false,allowForAll=false]
  ContentRole[name=denyReaders,inherit=false,allowForAll=false]
  ContentRole[name=denyAuthors,inherit=false,allowForAll=false]
  ContentRole[name=denyAdministrators,inherit=false,allowForAll=false]
  securityVector=1:SEC_PUBLIC=true,SEC_CREATOR_ADMIN=false,SEC_INH_ADMIN=false,SEC_INH_EDITOR=false,SEC_INH_VIEWER=false,SEC_ALL_ADMIN=false,SEC_ALL_EDITOR=false,SEC_ALL_VIEWER=false
]
2025-10-24 13:13:53.141 DEBUG content 207317 05026428-f647-445b-bdbb-47ab8fd56011 Processing reference: ContentRole[name=readers,groupIds=[331],inherit=false,allowForAll=false]
2025-10-24 13:13:53.142 DEBUG content 207317 05026428-f647-445b-bdbb-47ab8fd56011 Processing reference: ContentRole[name=authors,inherit=false,allowForAll=false]
2025-10-24 13:13:53.142 DEBUG content 207317 05026428-f647-445b-bdbb-47ab8fd56011 Processing reference: ContentRole[name=administrators,groupIds=[330],inherit=false,allowForAll=false]
2025-10-24 13:13:53.144 DEBUG content 207317 05026428-f647-445b-bdbb-47ab8fd56011 Processing reference: ContentRole[name=denyReaders,inherit=false,allowForAll=false]
2025-10-24 13:13:53.144 DEBUG content 207317 05026428-f647-445b-bdbb-47ab8fd56011 Processing reference: ContentRole[name=denyAuthors,inherit=false,allowForAll=false]
2025-10-24 13:13:53.144 DEBUG content 207317 05026428-f647-445b-bdbb-47ab8fd56011 Processing reference: ContentRole[name=denyAdministrators,inherit=false,allowForAll=false]
2025-10-24 13:13:53.144 DEBUG content 207317 05026428-f647-445b-bdbb-47ab8fd56011 Exporting binary resources.
2025-10-24 13:13:53.144 DEBUG content 207317 05026428-f647-445b-bdbb-47ab8fd56011 Serializing object to XML.
2025-10-24 13:13:53.145 DEBUG content 207317 05026428-f647-445b-bdbb-47ab8fd56011 Object transported.
2025-10-24 13:13:53.145 DEBUG content 207319 f690b02c-6b42-4c79-863b-8c662a2ee2b4 Begin transport.
2025-10-24 13:13:53.145 DEBUG content 207319 f690b02c-6b42-4c79-863b-8c662a2ee2b4 Retrieving object data.
2025-10-24 13:13:53.152 DEBUG content 207319 f690b02c-6b42-4c79-863b-8c662a2ee2b4 Setting uuids of object references.
2025-10-24 13:13:53.152 DEBUG content 207319 f690b02c-6b42-4c79-863b-8c662a2ee2b4 Processing reference: KnowledgeFolder.forum
2025-10-24 13:13:53.152 DEBUG content 207319 f690b02c-6b42-4c79-863b-8c662a2ee2b4 Processing reference: KnowledgeFolder.parent
2025-10-24 13:13:53.155 DEBUG content 207318 82024408-941c-495a-bf0f-f2c1de61ed9b Begin transport.
2025-10-24 13:13:53.155 DEBUG content 207318 82024408-941c-495a-bf0f-f2c1de61ed9b Retrieving object data.
2025-10-24 13:13:53.167 DEBUG content 207318 82024408-941c-495a-bf0f-f2c1de61ed9b Setting uuids of object references.
2025-10-24 13:13:53.168 DEBUG content 207318 82024408-941c-495a-bf0f-f2c1de61ed9b Processing reference: CommunityKnowledgeCenter.forum
2025-10-24 13:13:53.168 DEBUG content 207318 82024408-941c-495a-bf0f-f2c1de61ed9b Processing reference: CommunityKnowledgeCenter.parent
2025-10-24 13:13:53.17 DEBUG content 207318 82024408-941c-495a-bf0f-f2c1de61ed9b Processing reference: com.appiancorp.suiteapi.content.ContentRoleMap@567c602a[
  ContentRole[name=readers,groupIds=[331],inherit=false,allowForAll=false]
  ContentRole[name=authors,inherit=false,allowForAll=false]
  ContentRole[name=administrators,groupIds=[330],inherit=false,allowForAll=false]
  ContentRole[name=denyReaders,inherit=false,allowForAll=false]
  ContentRole[name=denyAuthors,inherit=false,allowForAll=false]
  ContentRole[name=denyAdministrators,inherit=false,allowForAll=false]
  securityVector=1:SEC_PUBLIC=true,SEC_CREATOR_ADMIN=false,SEC_INH_ADMIN=false,SEC_INH_EDITOR=false,SEC_INH_VIEWER=false,SEC_ALL_ADMIN=false,SEC_ALL_EDITOR=false,SEC_ALL_VIEWER=false
]
2025-10-24 13:13:53.17 DEBUG content 207318 82024408-941c-495a-bf0f-f2c1de61ed9b Processing reference: ContentRole[name=readers,groupIds=[331],inherit=false,allowForAll=false]
2025-10-24 13:13:53.172 DEBUG content 207318 82024408-941c-495a-bf0f-f2c1de61ed9b Processing reference: ContentRole[name=authors,inherit=false,allowForAll=false]
2025-10-24 13:13:53.172 DEBUG content 207318 82024408-941c-495a-bf0f-f2c1de61ed9b Processing reference: ContentRole[name=administrators,groupIds=[330],inherit=false,allowForAll=false]
2025-10-24 13:13:53.174 DEBUG content 207318 82024408-941c-495a-bf0f-f2c1de61ed9b Processing reference: ContentRole[name=denyReaders,inherit=false,allowForAll=false]
2025-10-24 13:13:53.174 DEBUG content 207318 82024408-941c-495a-bf0f-f2c1de61ed9b Processing reference: ContentRole[name=denyAuthors,inherit=false,allowForAll=false]
2025-10-24 13:13:53.174 DEBUG content 207318 82024408-941c-495a-bf0f-f2c1de61ed9b Processing reference: ContentRole[name=denyAdministrators,inherit=false,allowForAll=false]
2025-10-24 13:13:53.174 DEBUG content 207318 82024408-941c-495a-bf0f-f2c1de61ed9b Exporting binary resources.
2025-10-24 13:13:53.174 DEBUG content 207318 82024408-941c-495a-bf0f-f2c1de61ed9b Serializing object to XML.
2025-10-24 13:13:53.175 DEBUG content 207318 82024408-941c-495a-bf0f-f2c1de61ed9b Object transported.
2025-10-24 13:13:53.175 DEBUG content 207319 f690b02c-6b42-4c79-863b-8c662a2ee2b4 Processing reference: com.appiancorp.suiteapi.content.ContentRoleMap@65eb9f66[
  ContentRole[name=readers,inherit=true,allowForAll=false]
  ContentRole[name=authors,inherit=true,allowForAll=false]
  ContentRole[name=administrators,inherit=true,allowForAll=false]
  ContentRole[name=denyReaders,inherit=false,allowForAll=false]
  ContentRole[name=denyAuthors,inherit=false,allowForAll=false]
  ContentRole[name=denyAdministrators,inherit=false,allowForAll=false]
  securityVector=15:SEC_PUBLIC=true,SEC_CREATOR_ADMIN=false,SEC_INH_ADMIN=true,SEC_INH_EDITOR=true,SEC_INH_VIEWER=true,SEC_ALL_ADMIN=false,SEC_ALL_EDITOR=false,SEC_ALL_VIEWER=false
]
2025-10-24 13:13:53.175 DEBUG content 207319 f690b02c-6b42-4c79-863b-8c662a2ee2b4 Processing reference: ContentRole[name=readers,inherit=true,allowForAll=false]
2025-10-24 13:13:53.175 DEBUG content 207319 f690b02c-6b42-4c79-863b-8c662a2ee2b4 Processing reference: ContentRole[name=authors,inherit=true,allowForAll=false]
2025-10-24 13:13:53.175 DEBUG content 207319 f690b02c-6b42-4c79-863b-8c662a2ee2b4 Processing reference: ContentRole[name=administrators,inherit=true,allowForAll=false]
2025-10-24 13:13:53.175 DEBUG content 207319 f690b02c-6b42-4c79-863b-8c662a2ee2b4 Processing reference: ContentRole[name=denyReaders,inherit=false,allowForAll=false]
2025-10-24 13:13:53.175 DEBUG content 207319 f690b02c-6b42-4c79-863b-8c662a2ee2b4 Processing reference: ContentRole[name=denyAuthors,inherit=false,allowForAll=false]
2025-10-24 13:13:53.175 DEBUG content 207319 f690b02c-6b42-4c79-863b-8c662a2ee2b4 Processing reference: ContentRole[name=denyAdministrators,inherit=false,allowForAll=false]
2025-10-24 13:13:53.175 DEBUG content 207319 f690b02c-6b42-4c79-863b-8c662a2ee2b4 Exporting binary resources.
2025-10-24 13:13:53.175 DEBUG content 207319 f690b02c-6b42-4c79-863b-8c662a2ee2b4 Serializing object to XML.
2025-10-24 13:13:53.175 DEBUG content 207319 f690b02c-6b42-4c79-863b-8c662a2ee2b4 Object transported.
2025-10-24 13:13:53.175 DEBUG content 207320 e309d5eb-db9e-4dc5-91e2-2a3af5b941de Begin transport.
2025-10-24 13:13:53.175 DEBUG content 207320 e309d5eb-db9e-4dc5-91e2-2a3af5b941de Retrieving object data.
2025-10-24 13:13:53.191 DEBUG content 207320 e309d5eb-db9e-4dc5-91e2-2a3af5b941de Setting uuids of object references.
2025-10-24 13:13:53.191 DEBUG content 207320 e309d5eb-db9e-4dc5-91e2-2a3af5b941de Processing reference: KnowledgeFolder.forum
2025-10-24 13:13:53.191 DEBUG content 207320 e309d5eb-db9e-4dc5-91e2-2a3af5b941de Processing reference: KnowledgeFolder.parent
2025-10-24 13:13:53.196 DEBUG content 207320 e309d5eb-db9e-4dc5-91e2-2a3af5b941de Processing reference: com.appiancorp.suiteapi.content.ContentRoleMap@357cc92f[
  ContentRole[name=readers,inherit=true,allowForAll=false]
  ContentRole[name=authors,inherit=true,allowForAll=false]
  ContentRole[name=administrators,inherit=true,allowForAll=false]
  ContentRole[name=denyReaders,inherit=false,allowForAll=false]
  ContentRole[name=denyAuthors,inherit=false,allowForAll=false]
  ContentRole[name=denyAdministrators,inherit=false,allowForAll=false]
  securityVector=15:SEC_PUBLIC=true,SEC_CREATOR_ADMIN=false,SEC_INH_ADMIN=true,SEC_INH_EDITOR=true,SEC_INH_VIEWER=true,SEC_ALL_ADMIN=false,SEC_ALL_EDITOR=false,SEC_ALL_VIEWER=false
]
2025-10-24 13:13:53.196 DEBUG content 207320 e309d5eb-db9e-4dc5-91e2-2a3af5b941de Processing reference: ContentRole[name=readers,inherit=true,allowForAll=false]
2025-10-24 13:13:53.196 DEBUG content 207320 e309d5eb-db9e-4dc5-91e2-2a3af5b941de Processing reference: ContentRole[name=authors,inherit=true,allowForAll=false]
2025-10-24 13:13:53.196 DEBUG content 207320 e309d5eb-db9e-4dc5-91e2-2a3af5b941de Processing reference: ContentRole[name=administrators,inherit=true,allowForAll=false]
2025-10-24 13:13:53.196 DEBUG content 207320 e309d5eb-db9e-4dc5-91e2-2a3af5b941de Processing reference: ContentRole[name=denyReaders,inherit=false,allowForAll=false]
2025-10-24 13:13:53.196 DEBUG content 207320 e309d5eb-db9e-4dc5-91e2-2a3af5b941de Processing reference: ContentRole[name=denyAuthors,inherit=false,allowForAll=false]
2025-10-24 13:13:53.196 DEBUG content 207320 e309d5eb-db9e-4dc5-91e2-2a3af5b941de Processing reference: ContentRole[name=denyAdministrators,inherit=false,allowForAll=false]
2025-10-24 13:13:53.196 DEBUG content 207320 e309d5eb-db9e-4dc5-91e2-2a3af5b941de Exporting binary resources.
2025-10-24 13:13:53.196 DEBUG content 207320 e309d5eb-db9e-4dc5-91e2-2a3af5b941de Serializing object to XML.
2025-10-24 13:13:53.197 DEBUG content 207320 e309d5eb-db9e-4dc5-91e2-2a3af5b941de Object transported.
2025-10-24 13:13:53.197 DEBUG content 208464 _a-0000ee92-fba5-8000-9c16-011c48011c48_4441473 Begin transport.
2025-10-24 13:13:53.197 DEBUG content 208464 _a-0000ee92-fba5-8000-9c16-011c48011c48_4441473 Retrieving object data.
2025-10-24 13:13:53.217 DEBUG content 208464 _a-0000ee92-fba5-8000-9c16-011c48011c48_4441473 Setting uuids of object references.
2025-10-24 13:13:53.217 DEBUG content 208464 _a-0000ee92-fba5-8000-9c16-011c48011c48_4441473 Processing reference: [Content:id=208464,versionId=-1,name=CB_const_test,type=32,subtype=0,uuid=_a-0000ee92-fba5-8000-9c16-011c48011c48_4441473,parent=207317]
2025-10-24 13:13:53.219 DEBUG content 208464 _a-0000ee92-fba5-8000-9c16-011c48011c48_4441473 Processing reference: Constant.forum
2025-10-24 13:13:53.219 DEBUG content 208464 _a-0000ee92-fba5-8000-9c16-011c48011c48_4441473 Processing reference: Constant.parent
2025-10-24 13:13:53.226 DEBUG content 208464 _a-0000ee92-fba5-8000-9c16-011c48011c48_4441473 Processing reference: com.appiancorp.suiteapi.content.ContentRoleMap@8b1b240[
  ContentRole[name=readers,inherit=true,allowForAll=false]
  ContentRole[name=authors,inherit=true,allowForAll=false]
  ContentRole[name=administrators,inherit=true,allowForAll=false]
  ContentRole[name=denyReaders,inherit=false,allowForAll=false]
  ContentRole[name=denyAuthors,inherit=false,allowForAll=false]
  ContentRole[name=denyAdministrators,inherit=false,allowForAll=false]
  securityVector=15:SEC_PUBLIC=true,SEC_CREATOR_ADMIN=false,SEC_INH_ADMIN=true,SEC_INH_EDITOR=true,SEC_INH_VIEWER=true,SEC_ALL_ADMIN=false,SEC_ALL_EDITOR=false,SEC_ALL_VIEWER=false
]
2025-10-24 13:13:53.226 DEBUG content 208464 _a-0000ee92-fba5-8000-9c16-011c48011c48_4441473 Processing reference: ContentRole[name=readers,inherit=true,allowForAll=false]
2025-10-24 13:13:53.226 DEBUG content 208464 _a-0000ee92-fba5-8000-9c16-011c48011c48_4441473 Processing reference: ContentRole[name=authors,inherit=true,allowForAll=false]
2025-10-24 13:13:53.226 DEBUG content 208464 _a-0000ee92-fba5-8000-9c16-011c48011c48_4441473 Processing reference: ContentRole[name=administrators,inherit=true,allowForAll=false]
2025-10-24 13:13:53.226 DEBUG content 208464 _a-0000ee92-fba5-8000-9c16-011c48011c48_4441473 Processing reference: ContentRole[name=denyReaders,inherit=false,allowForAll=false]
2025-10-24 13:13:53.226 DEBUG content 208464 _a-0000ee92-fba5-8000-9c16-011c48011c48_4441473 Processing reference: ContentRole[name=denyAuthors,inherit=false,allowForAll=false]
2025-10-24 13:13:53.226 DEBUG content 208464 _a-0000ee92-fba5-8000-9c16-011c48011c48_4441473 Processing reference: ContentRole[name=denyAdministrators,inherit=false,allowForAll=false]
2025-10-24 13:13:53.227 DEBUG content 208464 _a-0000ee92-fba5-8000-9c16-011c48011c48_4441473 Registering export properties.
2025-10-24 13:13:53.227 DEBUG content 208464 _a-0000ee92-fba5-8000-9c16-011c48011c48_4441473 Exporting binary resources.
2025-10-24 13:13:53.227 DEBUG content 208464 _a-0000ee92-fba5-8000-9c16-011c48011c48_4441473 Serializing object to XML.
2025-10-24 13:13:53.232 DEBUG content 208464 _a-0000ee92-fba5-8000-9c16-011c48011c48_4441473 Object transported.
2025-10-24 13:13:53.232 DEBUG content 210936 _a-0000ee92-fba5-8000-9c16-011c48011c48_4490793 Begin transport.
2025-10-24 13:13:53.232 DEBUG content 210936 _a-0000ee92-fba5-8000-9c16-011c48011c48_4490793 Retrieving object data.
2025-10-24 13:13:53.249 DEBUG content 210936 _a-0000ee92-fba5-8000-9c16-011c48011c48_4490793 Setting uuids of object references.
2025-10-24 13:13:53.249 DEBUG content 210936 _a-0000ee92-fba5-8000-9c16-011c48011c48_4490793 Processing reference: [Content:id=210936,versionId=-1,name=CB_cons3,type=32,subtype=0,uuid=_a-0000ee92-fba5-8000-9c16-011c48011c48_4490793,parent=207317]
2025-10-24 13:13:53.25 DEBUG content 210936 _a-0000ee92-fba5-8000-9c16-011c48011c48_4490793 Processing reference: Constant.forum
2025-10-24 13:13:53.25 DEBUG content 210936 _a-0000ee92-fba5-8000-9c16-011c48011c48_4490793 Processing reference: Constant.parent
2025-10-24 13:13:53.258 DEBUG content 210936 _a-0000ee92-fba5-8000-9c16-011c48011c48_4490793 Processing reference: com.appiancorp.suiteapi.content.ContentRoleMap@6e837c25[
  ContentRole[name=readers,inherit=true,allowForAll=false]
  ContentRole[name=authors,inherit=true,allowForAll=false]
  ContentRole[name=administrators,inherit=true,allowForAll=false]
  ContentRole[name=denyReaders,inherit=false,allowForAll=false]
  ContentRole[name=denyAuthors,inherit=false,allowForAll=false]
  ContentRole[name=denyAdministrators,inherit=false,allowForAll=false]
  securityVector=15:SEC_PUBLIC=true,SEC_CREATOR_ADMIN=false,SEC_INH_ADMIN=true,SEC_INH_EDITOR=true,SEC_INH_VIEWER=true,SEC_ALL_ADMIN=false,SEC_ALL_EDITOR=false,SEC_ALL_VIEWER=false
]
2025-10-24 13:13:53.258 DEBUG content 210936 _a-0000ee92-fba5-8000-9c16-011c48011c48_4490793 Processing reference: ContentRole[name=readers,inherit=true,allowForAll=false]
2025-10-24 13:13:53.258 DEBUG content 210936 _a-0000ee92-fba5-8000-9c16-011c48011c48_4490793 Processing reference: ContentRole[name=authors,inherit=true,allowForAll=false]
2025-10-24 13:13:53.258 DEBUG content 210936 _a-0000ee92-fba5-8000-9c16-011c48011c48_4490793 Processing reference: ContentRole[name=administrators,inherit=true,allowForAll=false]
2025-10-24 13:13:53.258 DEBUG content 210936 _a-0000ee92-fba5-8000-9c16-011c48011c48_4490793 Processing reference: ContentRole[name=denyReaders,inherit=false,allowForAll=false]
2025-10-24 13:13:53.258 DEBUG content 210936 _a-0000ee92-fba5-8000-9c16-011c48011c48_4490793 Processing reference: ContentRole[name=denyAuthors,inherit=false,allowForAll=false]
2025-10-24 13:13:53.258 DEBUG content 210936 _a-0000ee92-fba5-8000-9c16-011c48011c48_4490793 Processing reference: ContentRole[name=denyAdministrators,inherit=false,allowForAll=false]
2025-10-24 13:13:53.258 DEBUG content 210936 _a-0000ee92-fba5-8000-9c16-011c48011c48_4490793 Registering export properties.
2025-10-24 13:13:53.258 DEBUG content 210936 _a-0000ee92-fba5-8000-9c16-011c48011c48_4490793 Exporting binary resources.
2025-10-24 13:13:53.258 DEBUG content 210936 _a-0000ee92-fba5-8000-9c16-011c48011c48_4490793 Serializing object to XML.
2025-10-24 13:13:53.26 DEBUG content 210936 _a-0000ee92-fba5-8000-9c16-011c48011c48_4490793 Object transported.
2025-10-24 13:13:53.292 DEBUG processModelFolder 71 b108a5a7-0992-4c86-83d1-3d9725c3e0fb Begin transport.
2025-10-24 13:13:53.292 DEBUG processModelFolder 71 b108a5a7-0992-4c86-83d1-3d9725c3e0fb Retrieving object data.
2025-10-24 13:13:53.311 DEBUG processModelFolder 71 b108a5a7-0992-4c86-83d1-3d9725c3e0fb Setting uuids of object references.
2025-10-24 13:13:53.312 DEBUG processModelFolder 71 b108a5a7-0992-4c86-83d1-3d9725c3e0fb Processing reference: ProcessModelFolder.parentFolderId
2025-10-24 13:13:53.315 DEBUG processModelFolder 71 b108a5a7-0992-4c86-83d1-3d9725c3e0fb Processing reference: com.appiancorp.suiteapi.process.ProcessRoleMap@65a38757[
  Role[name=ADMIN_OWNER,groupIds=[330]]
  Role[name=EDITOR]
  Role[name=EXPLICIT_NONMEMBER]
  Role[name=VIEWER,groupIds=[331]]
  Role[name=MANAGER]
  Role[name=INITIATOR]
]
2025-10-24 13:13:53.315 DEBUG processModelFolder 71 b108a5a7-0992-4c86-83d1-3d9725c3e0fb Processing reference: Role[name=ADMIN_OWNER,groupIds=[330]]
2025-10-24 13:13:53.32 DEBUG processModelFolder 71 b108a5a7-0992-4c86-83d1-3d9725c3e0fb Processing reference: Role[name=EDITOR]
2025-10-24 13:13:53.32 DEBUG processModelFolder 71 b108a5a7-0992-4c86-83d1-3d9725c3e0fb Processing reference: Role[name=EXPLICIT_NONMEMBER]
2025-10-24 13:13:53.32 DEBUG processModelFolder 71 b108a5a7-0992-4c86-83d1-3d9725c3e0fb Processing reference: Role[name=VIEWER,groupIds=[331]]
2025-10-24 13:13:53.321 DEBUG processModelFolder 71 b108a5a7-0992-4c86-83d1-3d9725c3e0fb Processing reference: Role[name=MANAGER]
2025-10-24 13:13:53.321 DEBUG processModelFolder 71 b108a5a7-0992-4c86-83d1-3d9725c3e0fb Processing reference: Role[name=INITIATOR]
2025-10-24 13:13:53.322 DEBUG processModelFolder 71 b108a5a7-0992-4c86-83d1-3d9725c3e0fb Exporting binary resources.
2025-10-24 13:13:53.322 DEBUG processModelFolder 71 b108a5a7-0992-4c86-83d1-3d9725c3e0fb Serializing object to XML.
2025-10-24 13:13:53.323 DEBUG processModelFolder 71 b108a5a7-0992-4c86-83d1-3d9725c3e0fb Object transported.
2025-10-24 13:13:53.358 DEBUG recordType 416 51a77589-a1ba-40e9-a476-a42b33e44bce Begin transport.
2025-10-24 13:13:53.358 DEBUG recordType 416 51a77589-a1ba-40e9-a476-a42b33e44bce Retrieving object data.
2025-10-24 13:13:53.451 DEBUG recordType 416 51a77589-a1ba-40e9-a476-a42b33e44bce Setting uuids of object references.
2025-10-24 13:13:53.451 DEBUG recordType 416 51a77589-a1ba-40e9-a476-a42b33e44bce Processing reference: RecordTypeDefinition.dataSrcExpr
2025-10-24 13:13:53.451 DEBUG recordType 416 51a77589-a1ba-40e9-a476-a42b33e44bce Processing reference: RecordTypeDefinition.defaultFilters
2025-10-24 13:13:53.451 DEBUG recordType 416 51a77589-a1ba-40e9-a476-a42b33e44bce Processing reference: RecordTypeDefinition.defaultFiltersExpr
2025-10-24 13:13:53.451 DEBUG recordType 416 51a77589-a1ba-40e9-a476-a42b33e44bce Processing reference: RecordTypeDefinition.defaultSortInfoAsQueryInfos
2025-10-24 13:13:53.451 DEBUG recordType 416 51a77589-a1ba-40e9-a476-a42b33e44bce Processing reference: DetailViewCfg.headerExpr
2025-10-24 13:13:53.451 DEBUG recordType 416 51a77589-a1ba-40e9-a476-a42b33e44bce Processing reference: DetailViewCfg.nameExpr
2025-10-24 13:13:53.452 DEBUG recordType 416 51a77589-a1ba-40e9-a476-a42b33e44bce Processing reference: DetailViewCfg.uiExpr
2025-10-24 13:13:53.452 DEBUG recordType 416 51a77589-a1ba-40e9-a476-a42b33e44bce Processing reference: DetailViewCfg.visibilityExpr
2025-10-24 13:13:53.452 DEBUG recordType 416 51a77589-a1ba-40e9-a476-a42b33e44bce Processing reference: RecordTypeDefinition.facetsListExpr
2025-10-24 13:13:53.452 DEBUG recordType 416 51a77589-a1ba-40e9-a476-a42b33e44bce Processing reference: RecordTypeDefinition.listViewSrcExpr
2025-10-24 13:13:53.452 DEBUG recordType 416 51a77589-a1ba-40e9-a476-a42b33e44bce Processing reference: RecordTypeDefinition.listViewTemplateExpr
2025-10-24 13:13:53.478 DEBUG recordType 416 51a77589-a1ba-40e9-a476-a42b33e44bce Processing reference: com.appiancorp.record.entities.RecordSourceCfg@a2128011
2025-10-24 13:13:53.486 DEBUG recordType 416 51a77589-a1ba-40e9-a476-a42b33e44bce Processing reference: RecordSourceFieldCfg.customFieldExpr
2025-10-24 13:13:53.486 DEBUG recordType 416 51a77589-a1ba-40e9-a476-a42b33e44bce Processing reference: RecordSourceFieldCfg.recordFieldSecurityMembershipFilter
2025-10-24 13:13:53.486 DEBUG recordType 416 51a77589-a1ba-40e9-a476-a42b33e44bce Processing reference: RecordSourceFieldCfg.customFieldExpr
2025-10-24 13:13:53.486 DEBUG recordType 416 51a77589-a1ba-40e9-a476-a42b33e44bce Processing reference: RecordSourceFieldMetaDataCfg.metaDataExpression
2025-10-24 13:13:53.486 DEBUG recordType 416 51a77589-a1ba-40e9-a476-a42b33e44bce Processing reference: RecordSourceFieldMetaDataCfg.metaDataExpression
2025-10-24 13:13:53.486 DEBUG recordType 416 51a77589-a1ba-40e9-a476-a42b33e44bce Processing reference: RecordSourceFieldMetaDataCfg.metaDataExpression
2025-10-24 13:13:53.486 DEBUG recordType 416 51a77589-a1ba-40e9-a476-a42b33e44bce Processing reference: RecordSourceFieldMetaDataCfg.metaDataExpression
2025-10-24 13:13:53.486 DEBUG recordType 416 51a77589-a1ba-40e9-a476-a42b33e44bce Processing reference: RecordSourceFieldCfg.recordFieldSecurityMembershipFilter
2025-10-24 13:13:53.486 DEBUG recordType 416 51a77589-a1ba-40e9-a476-a42b33e44bce Processing reference: RecordSourceFieldCfg.customFieldExpr
2025-10-24 13:13:53.486 DEBUG recordType 416 51a77589-a1ba-40e9-a476-a42b33e44bce Processing reference: RecordSourceFieldCfg.recordFieldSecurityMembershipFilter
2025-10-24 13:13:53.486 DEBUG recordType 416 51a77589-a1ba-40e9-a476-a42b33e44bce Processing reference: RecordSourceFieldCfg.customFieldExpr
2025-10-24 13:13:53.486 DEBUG recordType 416 51a77589-a1ba-40e9-a476-a42b33e44bce Processing reference: RecordSourceFieldCfg.recordFieldSecurityMembershipFilter
2025-10-24 13:13:53.486 DEBUG recordType 416 51a77589-a1ba-40e9-a476-a42b33e44bce Processing reference: RecordSourceFieldCfg.customFieldExpr
2025-10-24 13:13:53.486 DEBUG recordType 416 51a77589-a1ba-40e9-a476-a42b33e44bce Processing reference: RecordSourceFieldCfg.recordFieldSecurityMembershipFilter
2025-10-24 13:13:53.486 DEBUG recordType 416 51a77589-a1ba-40e9-a476-a42b33e44bce Processing reference: RecordSourceFieldCfg.customFieldExpr
2025-10-24 13:13:53.486 DEBUG recordType 416 51a77589-a1ba-40e9-a476-a42b33e44bce Processing reference: RecordSourceFieldCfg.recordFieldSecurityMembershipFilter
2025-10-24 13:13:53.486 DEBUG recordType 416 51a77589-a1ba-40e9-a476-a42b33e44bce Processing reference: RecordSourceCfg.sourceContextExpr
2025-10-24 13:13:53.486 DEBUG recordType 416 51a77589-a1ba-40e9-a476-a42b33e44bce Processing reference: RecordSourceCfg.sourceFilterExpr
2025-10-24 13:13:53.486 DEBUG recordType 416 51a77589-a1ba-40e9-a476-a42b33e44bce Processing reference: RecordTypeSearchCfg.placeholder
2025-10-24 13:13:53.486 DEBUG recordType 416 51a77589-a1ba-40e9-a476-a42b33e44bce Processing reference: RecordTypeSearchCfg.searchFieldQueryInfos
2025-10-24 13:13:53.487 DEBUG recordType 416 51a77589-a1ba-40e9-a476-a42b33e44bce Processing reference: RecordTypeDefinition.recordViewSrcExpr
2025-10-24 13:13:53.487 DEBUG recordType 416 51a77589-a1ba-40e9-a476-a42b33e44bce Processing reference: RecordTypeDefinition.source
2025-10-24 13:13:53.487 DEBUG recordType 416 51a77589-a1ba-40e9-a476-a42b33e44bce Processing reference: RecordTypeDefinition.titleExpr
2025-10-24 13:13:53.488 DEBUG recordType 416 51a77589-a1ba-40e9-a476-a42b33e44bce Processing reference: Role[name=record_type_administrator,groupIds=[330]]
2025-10-24 13:13:53.492 DEBUG recordType 416 51a77589-a1ba-40e9-a476-a42b33e44bce Processing reference: Role[name=record_type_viewer,groupIds=[331]]
2025-10-24 13:13:53.493 DEBUG recordType 416 51a77589-a1ba-40e9-a476-a42b33e44bce Exporting binary resources.
2025-10-24 13:13:53.493 DEBUG recordType 416 51a77589-a1ba-40e9-a476-a42b33e44bce Serializing object to XML.
2025-10-24 13:13:53.497 DEBUG recordType 416 51a77589-a1ba-40e9-a476-a42b33e44bce Object transported.
2025-10-24 13:13:53.497 DEBUG recordType 417 ec56ef8e-621e-47d6-9de0-e78d1e8d25d6 Begin transport.
2025-10-24 13:13:53.497 DEBUG recordType 417 ec56ef8e-621e-47d6-9de0-e78d1e8d25d6 Retrieving object data.
2025-10-24 13:13:53.561 DEBUG recordType 417 ec56ef8e-621e-47d6-9de0-e78d1e8d25d6 Setting uuids of object references.
2025-10-24 13:13:53.561 DEBUG recordType 417 ec56ef8e-621e-47d6-9de0-e78d1e8d25d6 Processing reference: RecordTypeDefinition.dataSrcExpr
2025-10-24 13:13:53.561 DEBUG recordType 417 ec56ef8e-621e-47d6-9de0-e78d1e8d25d6 Processing reference: RecordTypeDefinition.defaultFilters
2025-10-24 13:13:53.561 DEBUG recordType 417 ec56ef8e-621e-47d6-9de0-e78d1e8d25d6 Processing reference: RecordTypeDefinition.defaultFiltersExpr
2025-10-24 13:13:53.561 DEBUG recordType 417 ec56ef8e-621e-47d6-9de0-e78d1e8d25d6 Processing reference: RecordTypeDefinition.defaultSortInfoAsQueryInfos
2025-10-24 13:13:53.561 DEBUG recordType 417 ec56ef8e-621e-47d6-9de0-e78d1e8d25d6 Processing reference: DetailViewCfg.headerExpr
2025-10-24 13:13:53.561 DEBUG recordType 417 ec56ef8e-621e-47d6-9de0-e78d1e8d25d6 Processing reference: DetailViewCfg.nameExpr
2025-10-24 13:13:53.561 DEBUG recordType 417 ec56ef8e-621e-47d6-9de0-e78d1e8d25d6 Processing reference: DetailViewCfg.uiExpr
2025-10-24 13:13:53.561 DEBUG recordType 417 ec56ef8e-621e-47d6-9de0-e78d1e8d25d6 Processing reference: DetailViewCfg.visibilityExpr
2025-10-24 13:13:53.561 DEBUG recordType 417 ec56ef8e-621e-47d6-9de0-e78d1e8d25d6 Processing reference: RecordTypeDefinition.facetsListExpr
2025-10-24 13:13:53.561 DEBUG recordType 417 ec56ef8e-621e-47d6-9de0-e78d1e8d25d6 Processing reference: RecordTypeDefinition.listViewSrcExpr
2025-10-24 13:13:53.561 DEBUG recordType 417 ec56ef8e-621e-47d6-9de0-e78d1e8d25d6 Processing reference: RecordTypeDefinition.listViewTemplateExpr
2025-10-24 13:13:53.592 DEBUG recordType 417 ec56ef8e-621e-47d6-9de0-e78d1e8d25d6 Processing reference: com.appiancorp.record.entities.RecordSourceCfg@24287df9
2025-10-24 13:13:53.598 DEBUG recordType 417 ec56ef8e-621e-47d6-9de0-e78d1e8d25d6 Processing reference: RecordSourceFieldCfg.customFieldExpr
2025-10-24 13:13:53.598 DEBUG recordType 417 ec56ef8e-621e-47d6-9de0-e78d1e8d25d6 Processing reference: RecordSourceFieldCfg.recordFieldSecurityMembershipFilter
2025-10-24 13:13:53.598 DEBUG recordType 417 ec56ef8e-621e-47d6-9de0-e78d1e8d25d6 Processing reference: RecordSourceFieldCfg.customFieldExpr
2025-10-24 13:13:53.598 DEBUG recordType 417 ec56ef8e-621e-47d6-9de0-e78d1e8d25d6 Processing reference: RecordSourceFieldCfg.recordFieldSecurityMembershipFilter
2025-10-24 13:13:53.598 DEBUG recordType 417 ec56ef8e-621e-47d6-9de0-e78d1e8d25d6 Processing reference: RecordSourceFieldCfg.customFieldExpr
2025-10-24 13:13:53.598 DEBUG recordType 417 ec56ef8e-621e-47d6-9de0-e78d1e8d25d6 Processing reference: RecordSourceFieldCfg.recordFieldSecurityMembershipFilter
2025-10-24 13:13:53.598 DEBUG recordType 417 ec56ef8e-621e-47d6-9de0-e78d1e8d25d6 Processing reference: RecordSourceFieldCfg.customFieldExpr
2025-10-24 13:13:53.598 DEBUG recordType 417 ec56ef8e-621e-47d6-9de0-e78d1e8d25d6 Processing reference: RecordSourceFieldCfg.recordFieldSecurityMembershipFilter
2025-10-24 13:13:53.598 DEBUG recordType 417 ec56ef8e-621e-47d6-9de0-e78d1e8d25d6 Processing reference: RecordSourceFieldCfg.customFieldExpr
2025-10-24 13:13:53.598 DEBUG recordType 417 ec56ef8e-621e-47d6-9de0-e78d1e8d25d6 Processing reference: RecordSourceFieldCfg.recordFieldSecurityMembershipFilter
2025-10-24 13:13:53.598 DEBUG recordType 417 ec56ef8e-621e-47d6-9de0-e78d1e8d25d6 Processing reference: RecordSourceFieldCfg.customFieldExpr
2025-10-24 13:13:53.598 DEBUG recordType 417 ec56ef8e-621e-47d6-9de0-e78d1e8d25d6 Processing reference: RecordSourceFieldCfg.recordFieldSecurityMembershipFilter
2025-10-24 13:13:53.598 DEBUG recordType 417 ec56ef8e-621e-47d6-9de0-e78d1e8d25d6 Processing reference: RecordSourceCfg.sourceContextExpr
2025-10-24 13:13:53.598 DEBUG recordType 417 ec56ef8e-621e-47d6-9de0-e78d1e8d25d6 Processing reference: RecordSourceCfg.sourceFilterExpr
2025-10-24 13:13:53.598 DEBUG recordType 417 ec56ef8e-621e-47d6-9de0-e78d1e8d25d6 Processing reference: RecordRelationshipCfg.relationshipData
2025-10-24 13:13:53.598 DEBUG recordType 417 ec56ef8e-621e-47d6-9de0-e78d1e8d25d6 Processing reference: RecordRelationshipCfg.sourceRecordTypeFieldUuid
2025-10-24 13:13:53.598 DEBUG recordType 417 ec56ef8e-621e-47d6-9de0-e78d1e8d25d6 Processing reference: RecordRelationshipCfg.targetJoinFieldStoredForm
2025-10-24 13:13:53.598 DEBUG recordType 417 ec56ef8e-621e-47d6-9de0-e78d1e8d25d6 Processing reference: RecordRelationshipCfg.targetRecordTypeRef
2025-10-24 13:13:53.6 DEBUG recordType 418 d7234f80-979e-4793-85b9-abecbb8a85a8 Begin transport.
2025-10-24 13:13:53.6 DEBUG recordType 418 d7234f80-979e-4793-85b9-abecbb8a85a8 Retrieving object data.
2025-10-24 13:13:53.66 DEBUG recordType 418 d7234f80-979e-4793-85b9-abecbb8a85a8 Setting uuids of object references.
2025-10-24 13:13:53.66 DEBUG recordType 418 d7234f80-979e-4793-85b9-abecbb8a85a8 Processing reference: RecordTypeDefinition.dataSrcExpr
2025-10-24 13:13:53.66 DEBUG recordType 418 d7234f80-979e-4793-85b9-abecbb8a85a8 Processing reference: RecordTypeDefinition.defaultFilters
2025-10-24 13:13:53.66 DEBUG recordType 418 d7234f80-979e-4793-85b9-abecbb8a85a8 Processing reference: RecordTypeDefinition.defaultFiltersExpr
2025-10-24 13:13:53.66 DEBUG recordType 418 d7234f80-979e-4793-85b9-abecbb8a85a8 Processing reference: RecordTypeDefinition.defaultSortInfoAsQueryInfos
2025-10-24 13:13:53.66 DEBUG recordType 418 d7234f80-979e-4793-85b9-abecbb8a85a8 Processing reference: DetailViewCfg.headerExpr
2025-10-24 13:13:53.66 DEBUG recordType 418 d7234f80-979e-4793-85b9-abecbb8a85a8 Processing reference: DetailViewCfg.nameExpr
2025-10-24 13:13:53.66 DEBUG recordType 418 d7234f80-979e-4793-85b9-abecbb8a85a8 Processing reference: DetailViewCfg.uiExpr
2025-10-24 13:13:53.66 DEBUG recordType 418 d7234f80-979e-4793-85b9-abecbb8a85a8 Processing reference: DetailViewCfg.visibilityExpr
2025-10-24 13:13:53.66 DEBUG recordType 418 d7234f80-979e-4793-85b9-abecbb8a85a8 Processing reference: RecordTypeDefinition.facetsListExpr
2025-10-24 13:13:53.66 DEBUG recordType 418 d7234f80-979e-4793-85b9-abecbb8a85a8 Processing reference: FieldCfg.defaultOptionExpr
2025-10-24 13:13:53.66 DEBUG recordType 418 d7234f80-979e-4793-85b9-abecbb8a85a8 Processing reference: FieldCfg.facetLabelExpr
2025-10-24 13:13:53.66 DEBUG recordType 418 d7234f80-979e-4793-85b9-abecbb8a85a8 Processing reference: FieldCfg.relatedRecordFieldUuid
2025-10-24 13:13:53.664 DEBUG recordType 417 ec56ef8e-621e-47d6-9de0-e78d1e8d25d6 Begin transport.
2025-10-24 13:13:53.664 DEBUG recordType 417 ec56ef8e-621e-47d6-9de0-e78d1e8d25d6 Loop detected: [recordType:417, recordType:418]
2025-10-24 13:13:53.664 DEBUG recordType 417 Breaking loop [recordType:417, recordType:418]. recordType:418 will be transported with its reference to 417 nulled out and will require a second pass.
2025-10-24 13:13:53.664 DEBUG recordType 418 d7234f80-979e-4793-85b9-abecbb8a85a8 Processing reference: FieldCfg.sourceRef
2025-10-24 13:13:53.666 DEBUG recordType 417 ec56ef8e-621e-47d6-9de0-e78d1e8d25d6 Begin transport.
2025-10-24 13:13:53.666 DEBUG recordType 417 ec56ef8e-621e-47d6-9de0-e78d1e8d25d6 Loop detected: [recordType:417, recordType:418]
2025-10-24 13:13:53.666 DEBUG recordType 417 Breaking loop [recordType:417, recordType:418]. recordType:418 will be transported with its reference to 417 nulled out and will require a second pass.
2025-10-24 13:13:53.666 DEBUG recordType 418 d7234f80-979e-4793-85b9-abecbb8a85a8 Processing reference: FieldCfg.visibilityExpr
2025-10-24 13:13:53.666 DEBUG recordType 418 d7234f80-979e-4793-85b9-abecbb8a85a8 Processing reference: RecordTypeDefinition.listViewSrcExpr
2025-10-24 13:13:53.666 DEBUG recordType 418 d7234f80-979e-4793-85b9-abecbb8a85a8 Processing reference: RecordTypeDefinition.listViewTemplateExpr
2025-10-24 13:13:53.688 DEBUG recordType 417 ec56ef8e-621e-47d6-9de0-e78d1e8d25d6 Begin transport.
2025-10-24 13:13:53.688 DEBUG recordType 417 ec56ef8e-621e-47d6-9de0-e78d1e8d25d6 Loop detected: [recordType:417, recordType:418]
2025-10-24 13:13:53.688 DEBUG recordType 417 Breaking loop [recordType:417, recordType:418]. recordType:418 will be transported with its reference to 417 nulled out and will require a second pass.
2025-10-24 13:13:53.691 DEBUG recordType 417 ec56ef8e-621e-47d6-9de0-e78d1e8d25d6 Begin transport.
2025-10-24 13:13:53.691 DEBUG recordType 417 ec56ef8e-621e-47d6-9de0-e78d1e8d25d6 Loop detected: [recordType:417, recordType:418]
2025-10-24 13:13:53.691 DEBUG recordType 417 Breaking loop [recordType:417, recordType:418]. recordType:418 will be transported with its reference to 417 nulled out and will require a second pass.
2025-10-24 13:13:53.692 DEBUG recordType 418 d7234f80-979e-4793-85b9-abecbb8a85a8 Processing reference: com.appiancorp.record.entities.RecordSourceCfg@25f75c84
2025-10-24 13:13:53.697 DEBUG recordType 418 d7234f80-979e-4793-85b9-abecbb8a85a8 Processing reference: RecordSourceFieldCfg.customFieldExpr
2025-10-24 13:13:53.697 DEBUG recordType 418 d7234f80-979e-4793-85b9-abecbb8a85a8 Processing reference: RecordSourceFieldCfg.recordFieldSecurityMembershipFilter
2025-10-24 13:13:53.697 DEBUG recordType 418 d7234f80-979e-4793-85b9-abecbb8a85a8 Processing reference: RecordSourceFieldCfg.customFieldExpr
2025-10-24 13:13:53.697 DEBUG recordType 418 d7234f80-979e-4793-85b9-abecbb8a85a8 Processing reference: RecordSourceFieldCfg.recordFieldSecurityMembershipFilter
2025-10-24 13:13:53.697 DEBUG recordType 418 d7234f80-979e-4793-85b9-abecbb8a85a8 Processing reference: RecordSourceFieldCfg.customFieldExpr
2025-10-24 13:13:53.697 DEBUG recordType 418 d7234f80-979e-4793-85b9-abecbb8a85a8 Processing reference: RecordSourceFieldCfg.recordFieldSecurityMembershipFilter
2025-10-24 13:13:53.697 DEBUG recordType 418 d7234f80-979e-4793-85b9-abecbb8a85a8 Processing reference: RecordSourceFieldCfg.customFieldExpr
2025-10-24 13:13:53.698 DEBUG recordType 418 d7234f80-979e-4793-85b9-abecbb8a85a8 Processing reference: RecordSourceFieldCfg.recordFieldSecurityMembershipFilter
2025-10-24 13:13:53.698 DEBUG recordType 418 d7234f80-979e-4793-85b9-abecbb8a85a8 Processing reference: RecordSourceFieldCfg.customFieldExpr
2025-10-24 13:13:53.698 DEBUG recordType 418 d7234f80-979e-4793-85b9-abecbb8a85a8 Processing reference: RecordSourceFieldCfg.recordFieldSecurityMembershipFilter
2025-10-24 13:13:53.698 DEBUG recordType 418 d7234f80-979e-4793-85b9-abecbb8a85a8 Processing reference: RecordSourceFieldCfg.customFieldExpr
2025-10-24 13:13:53.698 DEBUG recordType 418 d7234f80-979e-4793-85b9-abecbb8a85a8 Processing reference: RecordSourceFieldCfg.recordFieldSecurityMembershipFilter
2025-10-24 13:13:53.698 DEBUG recordType 418 d7234f80-979e-4793-85b9-abecbb8a85a8 Processing reference: RecordSourceFieldCfg.customFieldExpr
2025-10-24 13:13:53.698 DEBUG recordType 418 d7234f80-979e-4793-85b9-abecbb8a85a8 Processing reference: RecordSourceFieldCfg.recordFieldSecurityMembershipFilter
2025-10-24 13:13:53.698 DEBUG recordType 418 d7234f80-979e-4793-85b9-abecbb8a85a8 Processing reference: RecordSourceCfg.sourceContextExpr
2025-10-24 13:13:53.698 DEBUG recordType 418 d7234f80-979e-4793-85b9-abecbb8a85a8 Processing reference: RecordSourceCfg.sourceFilterExpr
2025-10-24 13:13:53.698 DEBUG recordType 418 d7234f80-979e-4793-85b9-abecbb8a85a8 Processing reference: RecordRelationshipCfg.relationshipData
2025-10-24 13:13:53.698 DEBUG recordType 418 d7234f80-979e-4793-85b9-abecbb8a85a8 Processing reference: RecordRelationshipCfg.sourceRecordTypeFieldUuid
2025-10-24 13:13:53.698 DEBUG recordType 418 d7234f80-979e-4793-85b9-abecbb8a85a8 Processing reference: RecordRelationshipCfg.targetJoinFieldStoredForm
2025-10-24 13:13:53.698 DEBUG recordType 418 d7234f80-979e-4793-85b9-abecbb8a85a8 Processing reference: RecordRelationshipCfg.targetRecordTypeRef
2025-10-24 13:13:53.7 DEBUG recordType 417 ec56ef8e-621e-47d6-9de0-e78d1e8d25d6 Begin transport.
2025-10-24 13:13:53.7 DEBUG recordType 417 ec56ef8e-621e-47d6-9de0-e78d1e8d25d6 Loop detected: [recordType:417, recordType:418]
2025-10-24 13:13:53.7 DEBUG recordType 417 Breaking loop [recordType:417, recordType:418]. recordType:418 will be transported with its reference to 417 nulled out and will require a second pass.
2025-10-24 13:13:53.7 DEBUG recordType 418 d7234f80-979e-4793-85b9-abecbb8a85a8 Processing reference: RecordTypeSearchCfg.placeholder
2025-10-24 13:13:53.7 DEBUG recordType 418 d7234f80-979e-4793-85b9-abecbb8a85a8 Processing reference: RecordTypeSearchCfg.searchFieldQueryInfos
2025-10-24 13:13:53.7 DEBUG recordType 418 d7234f80-979e-4793-85b9-abecbb8a85a8 Processing reference: RecordTypeDefinition.recordViewSrcExpr
2025-10-24 13:13:53.7 DEBUG recordType 418 d7234f80-979e-4793-85b9-abecbb8a85a8 Processing reference: RecordTypeDefinition.source
2025-10-24 13:13:53.7 DEBUG recordType 418 d7234f80-979e-4793-85b9-abecbb8a85a8 Processing reference: RecordTypeDefinition.titleExpr
2025-10-24 13:13:53.7 DEBUG recordType 418 d7234f80-979e-4793-85b9-abecbb8a85a8 Processing reference: Role[name=record_type_administrator,groupIds=[330]]
2025-10-24 13:13:53.702 DEBUG recordType 418 d7234f80-979e-4793-85b9-abecbb8a85a8 Processing reference: Role[name=record_type_viewer,groupIds=[331]]
2025-10-24 13:13:53.704 DEBUG recordType 418 d7234f80-979e-4793-85b9-abecbb8a85a8 Object transported with these references nulled out: [recordType:417]
2025-10-24 13:13:53.704 DEBUG recordType 417 ec56ef8e-621e-47d6-9de0-e78d1e8d25d6 Processing reference: RecordTypeSearchCfg.placeholder
2025-10-24 13:13:53.704 DEBUG recordType 417 ec56ef8e-621e-47d6-9de0-e78d1e8d25d6 Processing reference: RecordTypeSearchCfg.searchFieldQueryInfos
2025-10-24 13:13:53.704 DEBUG recordType 417 ec56ef8e-621e-47d6-9de0-e78d1e8d25d6 Processing reference: RecordTypeDefinition.recordViewSrcExpr
2025-10-24 13:13:53.704 DEBUG recordType 417 ec56ef8e-621e-47d6-9de0-e78d1e8d25d6 Processing reference: RecordTypeDefinition.source
2025-10-24 13:13:53.704 DEBUG recordType 417 ec56ef8e-621e-47d6-9de0-e78d1e8d25d6 Processing reference: RecordTypeDefinition.titleExpr
2025-10-24 13:13:53.705 DEBUG recordType 417 ec56ef8e-621e-47d6-9de0-e78d1e8d25d6 Processing reference: Role[name=record_type_administrator,groupIds=[330]]
2025-10-24 13:13:53.706 DEBUG recordType 417 ec56ef8e-621e-47d6-9de0-e78d1e8d25d6 Processing reference: Role[name=record_type_viewer,groupIds=[331]]
2025-10-24 13:13:53.707 DEBUG recordType 417 ec56ef8e-621e-47d6-9de0-e78d1e8d25d6 Exporting binary resources.
2025-10-24 13:13:53.707 DEBUG recordType 417 ec56ef8e-621e-47d6-9de0-e78d1e8d25d6 Serializing object to XML.
2025-10-24 13:13:53.709 DEBUG recordType 417 ec56ef8e-621e-47d6-9de0-e78d1e8d25d6 Object transported.
2025-10-24 13:13:53.709 DEBUG recordType 417 ec56ef8e-621e-47d6-9de0-e78d1e8d25d6 Binding pending incomplete: recordType:418
2025-10-24 13:13:53.71 DEBUG recordType 418 d7234f80-979e-4793-85b9-abecbb8a85a8 Begin transport.
2025-10-24 13:13:53.71 DEBUG recordType 418 d7234f80-979e-4793-85b9-abecbb8a85a8 Retrieving object data.
2025-10-24 13:13:53.752 DEBUG recordType 418 d7234f80-979e-4793-85b9-abecbb8a85a8 Setting uuids of object references.
2025-10-24 13:13:53.752 DEBUG recordType 418 d7234f80-979e-4793-85b9-abecbb8a85a8 Processing reference: RecordTypeDefinition.dataSrcExpr
2025-10-24 13:13:53.752 DEBUG recordType 418 d7234f80-979e-4793-85b9-abecbb8a85a8 Processing reference: RecordTypeDefinition.defaultFilters
2025-10-24 13:13:53.752 DEBUG recordType 418 d7234f80-979e-4793-85b9-abecbb8a85a8 Processing reference: RecordTypeDefinition.defaultFiltersExpr
2025-10-24 13:13:53.752 DEBUG recordType 418 d7234f80-979e-4793-85b9-abecbb8a85a8 Processing reference: RecordTypeDefinition.defaultSortInfoAsQueryInfos
2025-10-24 13:13:53.752 DEBUG recordType 418 d7234f80-979e-4793-85b9-abecbb8a85a8 Processing reference: DetailViewCfg.headerExpr
2025-10-24 13:13:53.752 DEBUG recordType 418 d7234f80-979e-4793-85b9-abecbb8a85a8 Processing reference: DetailViewCfg.nameExpr
2025-10-24 13:13:53.752 DEBUG recordType 418 d7234f80-979e-4793-85b9-abecbb8a85a8 Processing reference: DetailViewCfg.uiExpr
2025-10-24 13:13:53.752 DEBUG recordType 418 d7234f80-979e-4793-85b9-abecbb8a85a8 Processing reference: DetailViewCfg.visibilityExpr
2025-10-24 13:13:53.752 DEBUG recordType 418 d7234f80-979e-4793-85b9-abecbb8a85a8 Processing reference: RecordTypeDefinition.facetsListExpr
2025-10-24 13:13:53.752 DEBUG recordType 418 d7234f80-979e-4793-85b9-abecbb8a85a8 Processing reference: FieldCfg.defaultOptionExpr
2025-10-24 13:13:53.752 DEBUG recordType 418 d7234f80-979e-4793-85b9-abecbb8a85a8 Processing reference: FieldCfg.facetLabelExpr
2025-10-24 13:13:53.752 DEBUG recordType 418 d7234f80-979e-4793-85b9-abecbb8a85a8 Processing reference: FieldCfg.relatedRecordFieldUuid
2025-10-24 13:13:53.755 DEBUG recordType 418 d7234f80-979e-4793-85b9-abecbb8a85a8 Processing reference: FieldCfg.sourceRef
2025-10-24 13:13:53.757 DEBUG recordType 418 d7234f80-979e-4793-85b9-abecbb8a85a8 Processing reference: FieldCfg.visibilityExpr
2025-10-24 13:13:53.757 DEBUG recordType 418 d7234f80-979e-4793-85b9-abecbb8a85a8 Processing reference: RecordTypeDefinition.listViewSrcExpr
2025-10-24 13:13:53.757 DEBUG recordType 418 d7234f80-979e-4793-85b9-abecbb8a85a8 Processing reference: RecordTypeDefinition.listViewTemplateExpr
2025-10-24 13:13:53.776 DEBUG recordType 418 d7234f80-979e-4793-85b9-abecbb8a85a8 Processing reference: com.appiancorp.record.entities.RecordSourceCfg@25f75c84
2025-10-24 13:13:53.782 DEBUG recordType 418 d7234f80-979e-4793-85b9-abecbb8a85a8 Processing reference: RecordSourceFieldCfg.customFieldExpr
2025-10-24 13:13:53.782 DEBUG recordType 418 d7234f80-979e-4793-85b9-abecbb8a85a8 Processing reference: RecordSourceFieldCfg.recordFieldSecurityMembershipFilter
2025-10-24 13:13:53.782 DEBUG recordType 418 d7234f80-979e-4793-85b9-abecbb8a85a8 Processing reference: RecordSourceFieldCfg.customFieldExpr
2025-10-24 13:13:53.782 DEBUG recordType 418 d7234f80-979e-4793-85b9-abecbb8a85a8 Processing reference: RecordSourceFieldCfg.recordFieldSecurityMembershipFilter
2025-10-24 13:13:53.782 DEBUG recordType 418 d7234f80-979e-4793-85b9-abecbb8a85a8 Processing reference: RecordSourceFieldCfg.customFieldExpr
2025-10-24 13:13:53.782 DEBUG recordType 418 d7234f80-979e-4793-85b9-abecbb8a85a8 Processing reference: RecordSourceFieldCfg.recordFieldSecurityMembershipFilter
2025-10-24 13:13:53.782 DEBUG recordType 418 d7234f80-979e-4793-85b9-abecbb8a85a8 Processing reference: RecordSourceFieldCfg.customFieldExpr
2025-10-24 13:13:53.782 DEBUG recordType 418 d7234f80-979e-4793-85b9-abecbb8a85a8 Processing reference: RecordSourceFieldCfg.recordFieldSecurityMembershipFilter
2025-10-24 13:13:53.782 DEBUG recordType 418 d7234f80-979e-4793-85b9-abecbb8a85a8 Processing reference: RecordSourceFieldCfg.customFieldExpr
2025-10-24 13:13:53.782 DEBUG recordType 418 d7234f80-979e-4793-85b9-abecbb8a85a8 Processing reference: RecordSourceFieldCfg.recordFieldSecurityMembershipFilter
2025-10-24 13:13:53.782 DEBUG recordType 418 d7234f80-979e-4793-85b9-abecbb8a85a8 Processing reference: RecordSourceFieldCfg.customFieldExpr
2025-10-24 13:13:53.782 DEBUG recordType 418 d7234f80-979e-4793-85b9-abecbb8a85a8 Processing reference: RecordSourceFieldCfg.recordFieldSecurityMembershipFilter
2025-10-24 13:13:53.782 DEBUG recordType 418 d7234f80-979e-4793-85b9-abecbb8a85a8 Processing reference: RecordSourceFieldCfg.customFieldExpr
2025-10-24 13:13:53.782 DEBUG recordType 418 d7234f80-979e-4793-85b9-abecbb8a85a8 Processing reference: RecordSourceFieldCfg.recordFieldSecurityMembershipFilter
2025-10-24 13:13:53.782 DEBUG recordType 418 d7234f80-979e-4793-85b9-abecbb8a85a8 Processing reference: RecordSourceCfg.sourceContextExpr
2025-10-24 13:13:53.782 DEBUG recordType 418 d7234f80-979e-4793-85b9-abecbb8a85a8 Processing reference: RecordSourceCfg.sourceFilterExpr
2025-10-24 13:13:53.782 DEBUG recordType 418 d7234f80-979e-4793-85b9-abecbb8a85a8 Processing reference: RecordRelationshipCfg.relationshipData
2025-10-24 13:13:53.782 DEBUG recordType 418 d7234f80-979e-4793-85b9-abecbb8a85a8 Processing reference: RecordRelationshipCfg.sourceRecordTypeFieldUuid
2025-10-24 13:13:53.782 DEBUG recordType 418 d7234f80-979e-4793-85b9-abecbb8a85a8 Processing reference: RecordRelationshipCfg.targetJoinFieldStoredForm
2025-10-24 13:13:53.782 DEBUG recordType 418 d7234f80-979e-4793-85b9-abecbb8a85a8 Processing reference: RecordRelationshipCfg.targetRecordTypeRef
2025-10-24 13:13:53.785 DEBUG recordType 418 d7234f80-979e-4793-85b9-abecbb8a85a8 Processing reference: RecordTypeSearchCfg.placeholder
2025-10-24 13:13:53.785 DEBUG recordType 418 d7234f80-979e-4793-85b9-abecbb8a85a8 Processing reference: RecordTypeSearchCfg.searchFieldQueryInfos
2025-10-24 13:13:53.785 DEBUG recordType 418 d7234f80-979e-4793-85b9-abecbb8a85a8 Processing reference: RecordTypeDefinition.recordViewSrcExpr
2025-10-24 13:13:53.785 DEBUG recordType 418 d7234f80-979e-4793-85b9-abecbb8a85a8 Processing reference: RecordTypeDefinition.source
2025-10-24 13:13:53.785 DEBUG recordType 418 d7234f80-979e-4793-85b9-abecbb8a85a8 Processing reference: RecordTypeDefinition.titleExpr
2025-10-24 13:13:53.785 DEBUG recordType 418 d7234f80-979e-4793-85b9-abecbb8a85a8 Processing reference: Role[name=record_type_administrator,groupIds=[330]]
2025-10-24 13:13:53.787 DEBUG recordType 418 d7234f80-979e-4793-85b9-abecbb8a85a8 Processing reference: Role[name=record_type_viewer,groupIds=[331]]
2025-10-24 13:13:53.788 DEBUG recordType 418 d7234f80-979e-4793-85b9-abecbb8a85a8 Exporting binary resources.
2025-10-24 13:13:53.788 DEBUG recordType 418 d7234f80-979e-4793-85b9-abecbb8a85a8 Serializing object to XML.
2025-10-24 13:13:53.79 DEBUG recordType 418 d7234f80-979e-4793-85b9-abecbb8a85a8 Removed object from incomplete list.
2025-10-24 13:13:53.79 DEBUG recordType 418 d7234f80-979e-4793-85b9-abecbb8a85a8 Object transported.
2025-10-24 13:13:53.79 DEBUG recordType 419 a241907b-a8d3-4e73-9560-f16259b1fac5 Begin transport.
2025-10-24 13:13:53.79 DEBUG recordType 419 a241907b-a8d3-4e73-9560-f16259b1fac5 Retrieving object data.
2025-10-24 13:13:53.841 DEBUG recordType 419 a241907b-a8d3-4e73-9560-f16259b1fac5 Setting uuids of object references.
2025-10-24 13:13:53.841 DEBUG recordType 419 a241907b-a8d3-4e73-9560-f16259b1fac5 Processing reference: RecordTypeDefinition.dataSrcExpr
2025-10-24 13:13:53.841 DEBUG recordType 419 a241907b-a8d3-4e73-9560-f16259b1fac5 Processing reference: RecordTypeDefinition.defaultFilters
2025-10-24 13:13:53.841 DEBUG recordType 419 a241907b-a8d3-4e73-9560-f16259b1fac5 Processing reference: RecordTypeDefinition.defaultFiltersExpr
2025-10-24 13:13:53.841 DEBUG recordType 419 a241907b-a8d3-4e73-9560-f16259b1fac5 Processing reference: RecordTypeDefinition.defaultSortInfoAsQueryInfos
2025-10-24 13:13:53.841 DEBUG recordType 419 a241907b-a8d3-4e73-9560-f16259b1fac5 Processing reference: DetailViewCfg.headerExpr
2025-10-24 13:13:53.841 DEBUG recordType 419 a241907b-a8d3-4e73-9560-f16259b1fac5 Processing reference: DetailViewCfg.nameExpr
2025-10-24 13:13:53.841 DEBUG recordType 419 a241907b-a8d3-4e73-9560-f16259b1fac5 Processing reference: DetailViewCfg.uiExpr
2025-10-24 13:13:53.841 DEBUG recordType 419 a241907b-a8d3-4e73-9560-f16259b1fac5 Processing reference: DetailViewCfg.visibilityExpr
2025-10-24 13:13:53.842 DEBUG recordType 419 a241907b-a8d3-4e73-9560-f16259b1fac5 Processing reference: RecordTypeDefinition.facetsListExpr
2025-10-24 13:13:53.842 DEBUG recordType 419 a241907b-a8d3-4e73-9560-f16259b1fac5 Processing reference: FieldCfg.defaultOptionExpr
2025-10-24 13:13:53.842 DEBUG recordType 419 a241907b-a8d3-4e73-9560-f16259b1fac5 Processing reference: FieldCfg.facetLabelExpr
2025-10-24 13:13:53.842 DEBUG recordType 419 a241907b-a8d3-4e73-9560-f16259b1fac5 Processing reference: FieldCfg.relatedRecordFieldUuid
2025-10-24 13:13:53.845 DEBUG recordType 419 a241907b-a8d3-4e73-9560-f16259b1fac5 Processing reference: FieldCfg.sourceRef
2025-10-24 13:13:53.847 DEBUG recordType 419 a241907b-a8d3-4e73-9560-f16259b1fac5 Processing reference: FieldCfg.visibilityExpr
2025-10-24 13:13:53.847 DEBUG recordType 419 a241907b-a8d3-4e73-9560-f16259b1fac5 Processing reference: FieldCfg.defaultOptionExpr
2025-10-24 13:13:53.847 DEBUG recordType 419 a241907b-a8d3-4e73-9560-f16259b1fac5 Processing reference: FieldCfg.facetLabelExpr
2025-10-24 13:13:53.847 DEBUG recordType 419 a241907b-a8d3-4e73-9560-f16259b1fac5 Processing reference: FieldCfg.relatedRecordFieldUuid
2025-10-24 13:13:53.849 DEBUG recordType 419 a241907b-a8d3-4e73-9560-f16259b1fac5 Processing reference: FieldCfg.sourceRef
2025-10-24 13:13:53.85 DEBUG recordType 419 a241907b-a8d3-4e73-9560-f16259b1fac5 Processing reference: FieldCfg.visibilityExpr
2025-10-24 13:13:53.851 DEBUG recordType 419 a241907b-a8d3-4e73-9560-f16259b1fac5 Processing reference: RecordTypeDefinition.listViewSrcExpr
2025-10-24 13:13:53.851 DEBUG recordType 419 a241907b-a8d3-4e73-9560-f16259b1fac5 Processing reference: RecordTypeDefinition.listViewTemplateExpr
2025-10-24 13:13:53.875 DEBUG recordType 419 a241907b-a8d3-4e73-9560-f16259b1fac5 Processing reference: com.appiancorp.record.entities.RecordSourceCfg@ffcf2301
2025-10-24 13:13:53.879 DEBUG recordType 419 a241907b-a8d3-4e73-9560-f16259b1fac5 Processing reference: RecordSourceFieldCfg.customFieldExpr
2025-10-24 13:13:53.879 DEBUG recordType 419 a241907b-a8d3-4e73-9560-f16259b1fac5 Processing reference: RecordSourceFieldCfg.recordFieldSecurityMembershipFilter
2025-10-24 13:13:53.879 DEBUG recordType 419 a241907b-a8d3-4e73-9560-f16259b1fac5 Processing reference: RecordSourceFieldCfg.customFieldExpr
2025-10-24 13:13:53.879 DEBUG recordType 419 a241907b-a8d3-4e73-9560-f16259b1fac5 Processing reference: RecordSourceFieldCfg.recordFieldSecurityMembershipFilter
2025-10-24 13:13:53.879 DEBUG recordType 419 a241907b-a8d3-4e73-9560-f16259b1fac5 Processing reference: RecordSourceFieldCfg.customFieldExpr
2025-10-24 13:13:53.879 DEBUG recordType 419 a241907b-a8d3-4e73-9560-f16259b1fac5 Processing reference: RecordSourceFieldCfg.recordFieldSecurityMembershipFilter
2025-10-24 13:13:53.879 DEBUG recordType 419 a241907b-a8d3-4e73-9560-f16259b1fac5 Processing reference: RecordSourceFieldCfg.customFieldExpr
2025-10-24 13:13:53.879 DEBUG recordType 419 a241907b-a8d3-4e73-9560-f16259b1fac5 Processing reference: RecordSourceFieldCfg.recordFieldSecurityMembershipFilter
2025-10-24 13:13:53.879 DEBUG recordType 419 a241907b-a8d3-4e73-9560-f16259b1fac5 Processing reference: RecordSourceFieldCfg.customFieldExpr
2025-10-24 13:13:53.879 DEBUG recordType 419 a241907b-a8d3-4e73-9560-f16259b1fac5 Processing reference: RecordSourceFieldCfg.recordFieldSecurityMembershipFilter
2025-10-24 13:13:53.879 DEBUG recordType 419 a241907b-a8d3-4e73-9560-f16259b1fac5 Processing reference: RecordSourceFieldCfg.customFieldExpr
2025-10-24 13:13:53.879 DEBUG recordType 419 a241907b-a8d3-4e73-9560-f16259b1fac5 Processing reference: RecordSourceFieldCfg.recordFieldSecurityMembershipFilter
2025-10-24 13:13:53.879 DEBUG recordType 419 a241907b-a8d3-4e73-9560-f16259b1fac5 Processing reference: RecordSourceFieldCfg.customFieldExpr
2025-10-24 13:13:53.879 DEBUG recordType 419 a241907b-a8d3-4e73-9560-f16259b1fac5 Processing reference: RecordSourceFieldCfg.recordFieldSecurityMembershipFilter
2025-10-24 13:13:53.879 DEBUG recordType 419 a241907b-a8d3-4e73-9560-f16259b1fac5 Processing reference: RecordSourceFieldCfg.customFieldExpr
2025-10-24 13:13:53.879 DEBUG recordType 419 a241907b-a8d3-4e73-9560-f16259b1fac5 Processing reference: RecordSourceFieldCfg.recordFieldSecurityMembershipFilter
2025-10-24 13:13:53.879 DEBUG recordType 419 a241907b-a8d3-4e73-9560-f16259b1fac5 Processing reference: RecordSourceFieldCfg.customFieldExpr
2025-10-24 13:13:53.879 DEBUG recordType 419 a241907b-a8d3-4e73-9560-f16259b1fac5 Processing reference: RecordSourceFieldCfg.recordFieldSecurityMembershipFilter
2025-10-24 13:13:53.879 DEBUG recordType 419 a241907b-a8d3-4e73-9560-f16259b1fac5 Processing reference: RecordSourceCfg.sourceContextExpr
2025-10-24 13:13:53.879 DEBUG recordType 419 a241907b-a8d3-4e73-9560-f16259b1fac5 Processing reference: RecordSourceCfg.sourceFilterExpr
2025-10-24 13:13:53.88 DEBUG recordType 419 a241907b-a8d3-4e73-9560-f16259b1fac5 Processing reference: RecordRelationshipCfg.relationshipData
2025-10-24 13:13:53.88 DEBUG recordType 419 a241907b-a8d3-4e73-9560-f16259b1fac5 Processing reference: RecordRelationshipCfg.sourceRecordTypeFieldUuid
2025-10-24 13:13:53.88 DEBUG recordType 419 a241907b-a8d3-4e73-9560-f16259b1fac5 Processing reference: RecordRelationshipCfg.targetJoinFieldStoredForm
2025-10-24 13:13:53.88 DEBUG recordType 419 a241907b-a8d3-4e73-9560-f16259b1fac5 Processing reference: RecordRelationshipCfg.targetRecordTypeRef
2025-10-24 13:13:53.881 DEBUG recordType 419 a241907b-a8d3-4e73-9560-f16259b1fac5 Processing reference: RecordRelationshipCfg.relationshipData
2025-10-24 13:13:53.881 DEBUG recordType 419 a241907b-a8d3-4e73-9560-f16259b1fac5 Processing reference: RecordRelationshipCfg.sourceRecordTypeFieldUuid
2025-10-24 13:13:53.881 DEBUG recordType 419 a241907b-a8d3-4e73-9560-f16259b1fac5 Processing reference: RecordRelationshipCfg.targetJoinFieldStoredForm
2025-10-24 13:13:53.881 DEBUG recordType 419 a241907b-a8d3-4e73-9560-f16259b1fac5 Processing reference: RecordRelationshipCfg.targetRecordTypeRef
2025-10-24 13:13:53.882 DEBUG recordType 419 a241907b-a8d3-4e73-9560-f16259b1fac5 Processing reference: RecordTypeSearchCfg.placeholder
2025-10-24 13:13:53.882 DEBUG recordType 419 a241907b-a8d3-4e73-9560-f16259b1fac5 Processing reference: RecordTypeSearchCfg.searchFieldQueryInfos
2025-10-24 13:13:53.882 DEBUG recordType 419 a241907b-a8d3-4e73-9560-f16259b1fac5 Processing reference: RecordTypeDefinition.recordViewSrcExpr
2025-10-24 13:13:53.882 DEBUG recordType 419 a241907b-a8d3-4e73-9560-f16259b1fac5 Processing reference: RecordTypeDefinition.source
2025-10-24 13:13:53.882 DEBUG recordType 419 a241907b-a8d3-4e73-9560-f16259b1fac5 Processing reference: RecordTypeDefinition.titleExpr
2025-10-24 13:13:53.883 DEBUG recordType 419 a241907b-a8d3-4e73-9560-f16259b1fac5 Processing reference: Role[name=record_type_administrator,groupIds=[330]]
2025-10-24 13:13:53.884 DEBUG recordType 419 a241907b-a8d3-4e73-9560-f16259b1fac5 Processing reference: Role[name=record_type_viewer,groupIds=[331]]
2025-10-24 13:13:53.885 DEBUG recordType 419 a241907b-a8d3-4e73-9560-f16259b1fac5 Exporting binary resources.
2025-10-24 13:13:53.885 DEBUG recordType 419 a241907b-a8d3-4e73-9560-f16259b1fac5 Serializing object to XML.
2025-10-24 13:13:53.887 DEBUG recordType 419 a241907b-a8d3-4e73-9560-f16259b1fac5 Object transported.
2025-10-24 13:13:53.981 DEBUG application 207321 9c354868-5dcd-4514-866d-19c6b14ecba7 Exporting binary resources.
2025-10-24 13:13:53.981 DEBUG application 207321 9c354868-5dcd-4514-866d-19c6b14ecba7 Serializing object to XML.
2025-10-24 13:13:53.982 DEBUG application 207321 9c354868-5dcd-4514-866d-19c6b14ecba7 Object transported.
