Éxito (2):
content 216802 _a-0000ee92-fba5-8000-9c16-011c48011c48_4590637 "CB_conos"
recordType 416 51a77589-a1ba-40e9-a476-a42b33e44bce "CB Producto"

Celdas precedentes referenciadas que no se exportaron (3):
group 330 33e562ab-777e-47f8-a585-33f8e145ebfe
group 331 eaa9c8a8-8f07-44ae-a2c0-596aa04c4d48
content 207317 05026428-f647-445b-bdbb-47ab8fd56011

Trace:
2025-10-30 12:41:02.659 DEBUG content 216802 _a-0000ee92-fba5-8000-9c16-011c48011c48_4590637 Begin transport.
2025-10-30 12:41:02.659 DEBUG content 216802 _a-0000ee92-fba5-8000-9c16-011c48011c48_4590637 Retrieving object data.
2025-10-30 12:41:02.674 DEBUG content 216802 _a-0000ee92-fba5-8000-9c16-011c48011c48_4590637 Setting uuids of object references.
2025-10-30 12:41:02.674 DEBUG content 216802 _a-0000ee92-fba5-8000-9c16-011c48011c48_4590637 Processing reference: [Content:id=216802,versionId=-1,name=CB_conos,type=32,subtype=0,uuid=_a-0000ee92-fba5-8000-9c16-011c48011c48_4590637,parent=207317]
2025-10-30 12:41:02.674 DEBUG content 216802 _a-0000ee92-fba5-8000-9c16-011c48011c48_4590637 Processing reference: Constant.forum
2025-10-30 12:41:02.675 DEBUG content 216802 _a-0000ee92-fba5-8000-9c16-011c48011c48_4590637 Processing reference: Constant.parent
2025-10-30 12:41:02.677 DEBUG content 216802 _a-0000ee92-fba5-8000-9c16-011c48011c48_4590637 Processing reference: com.appiancorp.suiteapi.content.ContentRoleMap@6275943e[
  ContentRole[name=readers,inherit=true,allowForAll=false]
  ContentRole[name=authors,inherit=true,allowForAll=false]
  ContentRole[name=administrators,inherit=true,allowForAll=false]
  ContentRole[name=denyReaders,inherit=false,allowForAll=false]
  ContentRole[name=denyAuthors,inherit=false,allowForAll=false]
  ContentRole[name=denyAdministrators,inherit=false,allowForAll=false]
  securityVector=15:SEC_PUBLIC=true,SEC_CREATOR_ADMIN=false,SEC_INH_ADMIN=true,SEC_INH_EDITOR=true,SEC_INH_VIEWER=true,SEC_ALL_ADMIN=false,SEC_ALL_EDITOR=false,SEC_ALL_VIEWER=false
]
2025-10-30 12:41:02.677 DEBUG content 216802 _a-0000ee92-fba5-8000-9c16-011c48011c48_4590637 Processing reference: ContentRole[name=readers,inherit=true,allowForAll=false]
2025-10-30 12:41:02.677 DEBUG content 216802 _a-0000ee92-fba5-8000-9c16-011c48011c48_4590637 Processing reference: ContentRole[name=authors,inherit=true,allowForAll=false]
2025-10-30 12:41:02.677 DEBUG content 216802 _a-0000ee92-fba5-8000-9c16-011c48011c48_4590637 Processing reference: ContentRole[name=administrators,inherit=true,allowForAll=false]
2025-10-30 12:41:02.677 DEBUG content 216802 _a-0000ee92-fba5-8000-9c16-011c48011c48_4590637 Processing reference: ContentRole[name=denyReaders,inherit=false,allowForAll=false]
2025-10-30 12:41:02.677 DEBUG content 216802 _a-0000ee92-fba5-8000-9c16-011c48011c48_4590637 Processing reference: ContentRole[name=denyAuthors,inherit=false,allowForAll=false]
2025-10-30 12:41:02.677 DEBUG content 216802 _a-0000ee92-fba5-8000-9c16-011c48011c48_4590637 Processing reference: ContentRole[name=denyAdministrators,inherit=false,allowForAll=false]
2025-10-30 12:41:02.677 DEBUG content 216802 _a-0000ee92-fba5-8000-9c16-011c48011c48_4590637 Registering export properties.
2025-10-30 12:41:02.679 DEBUG content 216802 _a-0000ee92-fba5-8000-9c16-011c48011c48_4590637 Exporting binary resources.
2025-10-30 12:41:02.679 DEBUG content 216802 _a-0000ee92-fba5-8000-9c16-011c48011c48_4590637 Serializing object to XML.
2025-10-30 12:41:02.696 DEBUG content 216802 _a-0000ee92-fba5-8000-9c16-011c48011c48_4590637 Object transported.
2025-10-30 12:41:02.697 DEBUG recordType 416 51a77589-a1ba-40e9-a476-a42b33e44bce Begin transport.
2025-10-30 12:41:02.697 DEBUG recordType 416 51a77589-a1ba-40e9-a476-a42b33e44bce Retrieving object data.
2025-10-30 12:41:02.742 DEBUG recordType 416 51a77589-a1ba-40e9-a476-a42b33e44bce Setting uuids of object references.
2025-10-30 12:41:02.743 DEBUG recordType 416 51a77589-a1ba-40e9-a476-a42b33e44bce Processing reference: RecordTypeDefinition.dataSrcExpr
2025-10-30 12:41:02.744 DEBUG recordType 416 51a77589-a1ba-40e9-a476-a42b33e44bce Processing reference: RecordTypeDefinition.defaultFilters
2025-10-30 12:41:02.744 DEBUG recordType 416 51a77589-a1ba-40e9-a476-a42b33e44bce Processing reference: RecordTypeDefinition.defaultFiltersExpr
2025-10-30 12:41:02.744 DEBUG recordType 416 51a77589-a1ba-40e9-a476-a42b33e44bce Processing reference: RecordTypeDefinition.defaultSortInfoAsQueryInfos
2025-10-30 12:41:02.744 DEBUG recordType 416 51a77589-a1ba-40e9-a476-a42b33e44bce Processing reference: DetailViewCfg.headerExpr
2025-10-30 12:41:02.744 DEBUG recordType 416 51a77589-a1ba-40e9-a476-a42b33e44bce Processing reference: DetailViewCfg.nameExpr
2025-10-30 12:41:02.744 DEBUG recordType 416 51a77589-a1ba-40e9-a476-a42b33e44bce Processing reference: DetailViewCfg.uiExpr
2025-10-30 12:41:02.745 DEBUG recordType 416 51a77589-a1ba-40e9-a476-a42b33e44bce Processing reference: DetailViewCfg.visibilityExpr
2025-10-30 12:41:02.745 DEBUG recordType 416 51a77589-a1ba-40e9-a476-a42b33e44bce Processing reference: RecordTypeDefinition.facetsListExpr
2025-10-30 12:41:02.745 DEBUG recordType 416 51a77589-a1ba-40e9-a476-a42b33e44bce Processing reference: RecordTypeDefinition.listViewSrcExpr
2025-10-30 12:41:02.745 DEBUG recordType 416 51a77589-a1ba-40e9-a476-a42b33e44bce Processing reference: RecordTypeDefinition.listViewTemplateExpr
2025-10-30 12:41:02.76 DEBUG recordType 416 51a77589-a1ba-40e9-a476-a42b33e44bce Processing reference: com.appiancorp.record.entities.RecordSourceCfg@68db9d4a
2025-10-30 12:41:02.764 DEBUG recordType 416 51a77589-a1ba-40e9-a476-a42b33e44bce Processing reference: RecordSourceFieldCfg.customFieldExpr
2025-10-30 12:41:02.764 DEBUG recordType 416 51a77589-a1ba-40e9-a476-a42b33e44bce Processing reference: RecordSourceFieldCfg.recordFieldSecurityMembershipFilter
2025-10-30 12:41:02.764 DEBUG recordType 416 51a77589-a1ba-40e9-a476-a42b33e44bce Processing reference: RecordSourceFieldCfg.customFieldExpr
2025-10-30 12:41:02.765 DEBUG recordType 416 51a77589-a1ba-40e9-a476-a42b33e44bce Processing reference: RecordSourceFieldMetaDataCfg.metaDataExpression
2025-10-30 12:41:02.765 DEBUG recordType 416 51a77589-a1ba-40e9-a476-a42b33e44bce Processing reference: RecordSourceFieldMetaDataCfg.metaDataExpression
2025-10-30 12:41:02.765 DEBUG recordType 416 51a77589-a1ba-40e9-a476-a42b33e44bce Processing reference: RecordSourceFieldMetaDataCfg.metaDataExpression
2025-10-30 12:41:02.765 DEBUG recordType 416 51a77589-a1ba-40e9-a476-a42b33e44bce Processing reference: RecordSourceFieldMetaDataCfg.metaDataExpression
2025-10-30 12:41:02.765 DEBUG recordType 416 51a77589-a1ba-40e9-a476-a42b33e44bce Processing reference: RecordSourceFieldCfg.recordFieldSecurityMembershipFilter
2025-10-30 12:41:02.765 DEBUG recordType 416 51a77589-a1ba-40e9-a476-a42b33e44bce Processing reference: RecordSourceFieldCfg.customFieldExpr
2025-10-30 12:41:02.765 DEBUG recordType 416 51a77589-a1ba-40e9-a476-a42b33e44bce Processing reference: RecordSourceFieldCfg.recordFieldSecurityMembershipFilter
2025-10-30 12:41:02.765 DEBUG recordType 416 51a77589-a1ba-40e9-a476-a42b33e44bce Processing reference: RecordSourceFieldCfg.customFieldExpr
2025-10-30 12:41:02.765 DEBUG recordType 416 51a77589-a1ba-40e9-a476-a42b33e44bce Processing reference: RecordSourceFieldCfg.recordFieldSecurityMembershipFilter
2025-10-30 12:41:02.765 DEBUG recordType 416 51a77589-a1ba-40e9-a476-a42b33e44bce Processing reference: RecordSourceFieldCfg.customFieldExpr
2025-10-30 12:41:02.765 DEBUG recordType 416 51a77589-a1ba-40e9-a476-a42b33e44bce Processing reference: RecordSourceFieldCfg.recordFieldSecurityMembershipFilter
2025-10-30 12:41:02.765 DEBUG recordType 416 51a77589-a1ba-40e9-a476-a42b33e44bce Processing reference: RecordSourceFieldCfg.customFieldExpr
2025-10-30 12:41:02.765 DEBUG recordType 416 51a77589-a1ba-40e9-a476-a42b33e44bce Processing reference: RecordSourceFieldCfg.recordFieldSecurityMembershipFilter
2025-10-30 12:41:02.765 DEBUG recordType 416 51a77589-a1ba-40e9-a476-a42b33e44bce Processing reference: RecordSourceFieldCfg.customFieldExpr
2025-10-30 12:41:02.765 DEBUG recordType 416 51a77589-a1ba-40e9-a476-a42b33e44bce Processing reference: RecordSourceFieldCfg.recordFieldSecurityMembershipFilter
2025-10-30 12:41:02.765 DEBUG recordType 416 51a77589-a1ba-40e9-a476-a42b33e44bce Processing reference: RecordSourceCfg.sourceContextExpr
2025-10-30 12:41:02.765 DEBUG recordType 416 51a77589-a1ba-40e9-a476-a42b33e44bce Processing reference: RecordSourceCfg.sourceFilterExpr
2025-10-30 12:41:02.765 DEBUG recordType 416 51a77589-a1ba-40e9-a476-a42b33e44bce Processing reference: RecordTypeSearchCfg.placeholder
2025-10-30 12:41:02.765 DEBUG recordType 416 51a77589-a1ba-40e9-a476-a42b33e44bce Processing reference: RecordTypeSearchCfg.searchFieldQueryInfos
2025-10-30 12:41:02.765 DEBUG recordType 416 51a77589-a1ba-40e9-a476-a42b33e44bce Processing reference: RecordTypeDefinition.recordViewSrcExpr
2025-10-30 12:41:02.765 DEBUG recordType 416 51a77589-a1ba-40e9-a476-a42b33e44bce Processing reference: RecordTypeDefinition.source
2025-10-30 12:41:02.765 DEBUG recordType 416 51a77589-a1ba-40e9-a476-a42b33e44bce Processing reference: RecordTypeDefinition.titleExpr
2025-10-30 12:41:02.765 DEBUG recordType 416 51a77589-a1ba-40e9-a476-a42b33e44bce Processing reference: Role[name=record_type_administrator,groupIds=[330]]
2025-10-30 12:41:02.767 DEBUG recordType 416 51a77589-a1ba-40e9-a476-a42b33e44bce Processing reference: Role[name=record_type_viewer,groupIds=[331]]
2025-10-30 12:41:02.769 DEBUG recordType 416 51a77589-a1ba-40e9-a476-a42b33e44bce Exporting binary resources.
2025-10-30 12:41:02.769 DEBUG recordType 416 51a77589-a1ba-40e9-a476-a42b33e44bce Serializing object to XML.
2025-10-30 12:41:02.775 DEBUG recordType 416 51a77589-a1ba-40e9-a476-a42b33e44bce Object transported.
