Éxito (1):
content 222394 _a-0000eeca-5da2-8000-9c18-011c48011c48_4663709 "CFT_cons"

Celdas precedentes referenciadas que no se exportaron (1):
content 219352 857b35d5-0aa9-465a-8189-00dc0970a5af

Trace:
2025-11-10 17:48:09.75 DEBUG content 222394 _a-0000eeca-5da2-8000-9c18-011c48011c48_4663709 Begin transport.
2025-11-10 17:48:09.75 DEBUG content 222394 _a-0000eeca-5da2-8000-9c18-011c48011c48_4663709 Retrieving object data.
2025-11-10 17:48:09.76 DEBUG content 222394 _a-0000eeca-5da2-8000-9c18-011c48011c48_4663709 Setting uuids of object references.
2025-11-10 17:48:09.76 DEBUG content 222394 _a-0000eeca-5da2-8000-9c18-011c48011c48_4663709 Processing reference: [Content:id=222394,versionId=-1,name=CFT_cons,type=32,subtype=0,uuid=_a-0000eeca-5da2-8000-9c18-011c48011c48_4663709,parent=219352]
2025-11-10 17:48:09.76 DEBUG content 222394 _a-0000eeca-5da2-8000-9c18-011c48011c48_4663709 Processing reference: Constant.forum
2025-11-10 17:48:09.76 DEBUG content 222394 _a-0000eeca-5da2-8000-9c18-011c48011c48_4663709 Processing reference: Constant.parent
2025-11-10 17:48:09.763 DEBUG content 222394 _a-0000eeca-5da2-8000-9c18-011c48011c48_4663709 Processing reference: com.appiancorp.suiteapi.content.ContentRoleMap@5b8d5920[
  ContentRole[name=readers,inherit=true,allowForAll=false]
  ContentRole[name=authors,inherit=true,allowForAll=false]
  ContentRole[name=administrators,inherit=true,allowForAll=false]
  ContentRole[name=denyReaders,inherit=false,allowForAll=false]
  ContentRole[name=denyAuthors,inherit=false,allowForAll=false]
  ContentRole[name=denyAdministrators,inherit=false,allowForAll=false]
  securityVector=15:SEC_PUBLIC=true,SEC_CREATOR_ADMIN=false,SEC_INH_ADMIN=true,SEC_INH_EDITOR=true,SEC_INH_VIEWER=true,SEC_ALL_ADMIN=false,SEC_ALL_EDITOR=false,SEC_ALL_VIEWER=false
]
2025-11-10 17:48:09.763 DEBUG content 222394 _a-0000eeca-5da2-8000-9c18-011c48011c48_4663709 Processing reference: ContentRole[name=readers,inherit=true,allowForAll=false]
2025-11-10 17:48:09.763 DEBUG content 222394 _a-0000eeca-5da2-8000-9c18-011c48011c48_4663709 Processing reference: ContentRole[name=authors,inherit=true,allowForAll=false]
2025-11-10 17:48:09.763 DEBUG content 222394 _a-0000eeca-5da2-8000-9c18-011c48011c48_4663709 Processing reference: ContentRole[name=administrators,inherit=true,allowForAll=false]
2025-11-10 17:48:09.763 DEBUG content 222394 _a-0000eeca-5da2-8000-9c18-011c48011c48_4663709 Processing reference: ContentRole[name=denyReaders,inherit=false,allowForAll=false]
2025-11-10 17:48:09.763 DEBUG content 222394 _a-0000eeca-5da2-8000-9c18-011c48011c48_4663709 Processing reference: ContentRole[name=denyAuthors,inherit=false,allowForAll=false]
2025-11-10 17:48:09.763 DEBUG content 222394 _a-0000eeca-5da2-8000-9c18-011c48011c48_4663709 Processing reference: ContentRole[name=denyAdministrators,inherit=false,allowForAll=false]
2025-11-10 17:48:09.763 DEBUG content 222394 _a-0000eeca-5da2-8000-9c18-011c48011c48_4663709 Registering export properties.
2025-11-10 17:48:09.763 DEBUG content 222394 _a-0000eeca-5da2-8000-9c18-011c48011c48_4663709 Exporting binary resources.
2025-11-10 17:48:09.763 DEBUG content 222394 _a-0000eeca-5da2-8000-9c18-011c48011c48_4663709 Serializing object to XML.
2025-11-10 17:48:09.766 DEBUG content 222394 _a-0000eeca-5da2-8000-9c18-011c48011c48_4663709 Object transported.
